Classic Timing Analyzer report for Nox3_practice
Wed Aug 08 15:37:01 2018
Quartus II Version 9.1 Build 350 03/24/2010 Service Pack 2 SJ Web Edition


---------------------
; Table of Contents ;
---------------------
  1. Legal Notice
  2. Timing Analyzer Summary
  3. Timing Analyzer Settings
  4. Clock Settings Summary
  5. Parallel Compilation
  6. Clock Setup: 'GCKP43'
  7. Clock Hold: 'GCKP43'
  8. tsu
  9. tco
 10. tpd
 11. th
 12. Timing Analyzer Messages



----------------
; Legal Notice ;
----------------
Copyright (C) 1991-2010 Altera Corporation
Your use of Altera Corporation's design tools, logic functions 
and other software and tools, and its AMPP partner logic 
functions, and any output files from any of the foregoing 
(including device programming or simulation files), and any 
associated documentation or information are expressly subject 
to the terms and conditions of the Altera Program License 
Subscription Agreement, Altera MegaCore Function License 
Agreement, or other applicable license agreement, including, 
without limitation, that your use is for the sole purpose of 
programming logic devices manufactured by Altera and sold by 
Altera or its authorized distributors.  Please refer to the 
applicable agreement for further details.



+-----------------------------------------------------------------------------------------------------------------------------------------------------------------------------------------------------------------------------------+
; Timing Analyzer Summary                                                                                                                                                                                                           ;
+------------------------------+------------------------------------------+---------------+----------------------------------+-------------------------------+-------------------------------+------------+----------+--------------+
; Type                         ; Slack                                    ; Required Time ; Actual Time                      ; From                          ; To                            ; From Clock ; To Clock ; Failed Paths ;
+------------------------------+------------------------------------------+---------------+----------------------------------+-------------------------------+-------------------------------+------------+----------+--------------+
; Worst-case tsu               ; N/A                                      ; None          ; 6.200 ns                         ; p22clock                      ; clock                         ; --         ; GCKP43   ; 0            ;
; Worst-case tco               ; N/A                                      ; None          ; 26.900 ns                        ; lpm_counter:h0s_rtl_0|dffs[0] ; h0o[0]                        ; GCKP43     ; --       ; 0            ;
; Worst-case tpd               ; N/A                                      ; None          ; 10.000 ns                        ; p7ckm                         ; p6s10to0                      ; --         ; --       ; 0            ;
; Worst-case th                ; N/A                                      ; None          ; -2.000 ns                        ; p22clock                      ; clock                         ; --         ; GCKP43   ; 0            ;
; Clock Setup: 'GCKP43'        ; N/A                                      ; None          ; 59.88 MHz ( period = 16.700 ns ) ; lpm_counter:h0s_rtl_0|dffs[2] ; lpm_counter:h0s_rtl_0|dffs[2] ; GCKP43     ; GCKP43   ; 0            ;
; Clock Hold: 'GCKP43'         ; Not operational: Clock Skew > Data Delay ; None          ; N/A                              ; lpm_counter:h0s_rtl_0|dffs[0] ; lpm_counter:h0s_rtl_0|dffs[0] ; GCKP43     ; GCKP43   ; 28           ;
; Total number of failed paths ;                                          ;               ;                                  ;                               ;                               ;            ;          ; 28           ;
+------------------------------+------------------------------------------+---------------+----------------------------------+-------------------------------+-------------------------------+------------+----------+--------------+


+-----------------------------------------------------------------------------------------------------------------------------------------------------+
; Timing Analyzer Settings                                                                                                                            ;
+------------------------------------------------------------------------------------------------------+--------------------+------+----+-------------+
; Option                                                                                               ; Setting            ; From ; To ; Entity Name ;
+------------------------------------------------------------------------------------------------------+--------------------+------+----+-------------+
; Device Name                                                                                          ; EPM3064ALC44-10    ;      ;    ;             ;
; Timing Models                                                                                        ; Final              ;      ;    ;             ;
; Default hold multicycle                                                                              ; Same as Multicycle ;      ;    ;             ;
; Cut paths between unrelated clock domains                                                            ; On                 ;      ;    ;             ;
; Cut off read during write signal paths                                                               ; On                 ;      ;    ;             ;
; Cut off feedback from I/O pins                                                                       ; On                 ;      ;    ;             ;
; Report Combined Fast/Slow Timing                                                                     ; Off                ;      ;    ;             ;
; Ignore Clock Settings                                                                                ; Off                ;      ;    ;             ;
; Analyze latches as synchronous elements                                                              ; On                 ;      ;    ;             ;
; Enable Recovery/Removal analysis                                                                     ; Off                ;      ;    ;             ;
; Enable Clock Latency                                                                                 ; Off                ;      ;    ;             ;
; Use TimeQuest Timing Analyzer                                                                        ; Off                ;      ;    ;             ;
; Minimum Core Junction Temperature                                                                    ; 0                  ;      ;    ;             ;
; Maximum Core Junction Temperature                                                                    ; 85                 ;      ;    ;             ;
; Number of source nodes to report per destination node                                                ; 10                 ;      ;    ;             ;
; Number of destination nodes to report                                                                ; 10                 ;      ;    ;             ;
; Number of paths to report                                                                            ; 200                ;      ;    ;             ;
; Report Minimum Timing Checks                                                                         ; Off                ;      ;    ;             ;
; Use Fast Timing Models                                                                               ; Off                ;      ;    ;             ;
; Report IO Paths Separately                                                                           ; Off                ;      ;    ;             ;
; Perform Multicorner Analysis                                                                         ; Off                ;      ;    ;             ;
; Reports the worst-case path for each clock domain and analysis                                       ; Off                ;      ;    ;             ;
; Reports worst-case timing paths for each clock domain and analysis                                   ; On                 ;      ;    ;             ;
; Specifies the maximum number of worst-case timing paths to report for each clock domain and analysis ; 100                ;      ;    ;             ;
; Removes common clock path pessimism (CCPP) during slack computation                                  ; Off                ;      ;    ;             ;
; Output I/O Timing Endpoint                                                                           ; Near End           ;      ;    ;             ;
+------------------------------------------------------------------------------------------------------+--------------------+------+----+-------------+


+------------------------------------------------------------------------------------------------------------------------------------------------------------------------------------+
; Clock Settings Summary                                                                                                                                                             ;
+-----------------+--------------------+----------+------------------+---------------+--------------+----------+-----------------------+---------------------+--------+--------------+
; Clock Node Name ; Clock Setting Name ; Type     ; Fmax Requirement ; Early Latency ; Late Latency ; Based on ; Multiply Base Fmax by ; Divide Base Fmax by ; Offset ; Phase offset ;
+-----------------+--------------------+----------+------------------+---------------+--------------+----------+-----------------------+---------------------+--------+--------------+
; GCKP43          ;                    ; User Pin ; None             ; 0.000 ns      ; 0.000 ns     ; --       ; N/A                   ; N/A                 ; N/A    ;              ;
+-----------------+--------------------+----------+------------------+---------------+--------------+----------+-----------------------+---------------------+--------+--------------+


Parallel compilation was disabled, but you have multiple processors available. Enable parallel compilation to reduce compilation time.
+-------------------------------------+
; Parallel Compilation                ;
+----------------------------+--------+
; Processors                 ; Number ;
+----------------------------+--------+
; Number detected on machine ; 4      ;
; Maximum allowed            ; 1      ;
+----------------------------+--------+


+---------------------------------------------------------------------------------------------------------------------------------------------------------------------------------------------------------------------------------------------------------------------------+
; Clock Setup: 'GCKP43'                                                                                                                                                                                                                                                     ;
+-----------------------------------------+-----------------------------------------------------+-------------------------------+-------------------------------+------------+----------+-----------------------------+---------------------------+-------------------------+
; Slack                                   ; Actual fmax (period)                                ; From                          ; To                            ; From Clock ; To Clock ; Required Setup Relationship ; Required Longest P2P Time ; Actual Longest P2P Time ;
+-----------------------------------------+-----------------------------------------------------+-------------------------------+-------------------------------+------------+----------+-----------------------------+---------------------------+-------------------------+
; N/A                                     ; 59.88 MHz ( period = 16.700 ns )                    ; lpm_counter:h0s_rtl_0|dffs[0] ; lpm_counter:h0s_rtl_0|dffs[1] ; GCKP43     ; GCKP43   ; None                        ; None                      ; 5.700 ns                ;
; N/A                                     ; 59.88 MHz ( period = 16.700 ns )                    ; lpm_counter:h0s_rtl_0|dffs[1] ; lpm_counter:h0s_rtl_0|dffs[1] ; GCKP43     ; GCKP43   ; None                        ; None                      ; 5.700 ns                ;
; N/A                                     ; 59.88 MHz ( period = 16.700 ns )                    ; h10s[1]                       ; lpm_counter:h0s_rtl_0|dffs[1] ; GCKP43     ; GCKP43   ; None                        ; None                      ; 5.700 ns                ;
; N/A                                     ; 59.88 MHz ( period = 16.700 ns )                    ; lpm_counter:h0s_rtl_0|dffs[3] ; lpm_counter:h0s_rtl_0|dffs[1] ; GCKP43     ; GCKP43   ; None                        ; None                      ; 5.700 ns                ;
; N/A                                     ; 59.88 MHz ( period = 16.700 ns )                    ; lpm_counter:h0s_rtl_0|dffs[2] ; lpm_counter:h0s_rtl_0|dffs[1] ; GCKP43     ; GCKP43   ; None                        ; None                      ; 5.700 ns                ;
; N/A                                     ; 59.88 MHz ( period = 16.700 ns )                    ; lpm_counter:h0s_rtl_0|dffs[0] ; h10s[1]                       ; GCKP43     ; GCKP43   ; None                        ; None                      ; 5.700 ns                ;
; N/A                                     ; 59.88 MHz ( period = 16.700 ns )                    ; lpm_counter:h0s_rtl_0|dffs[1] ; h10s[1]                       ; GCKP43     ; GCKP43   ; None                        ; None                      ; 5.700 ns                ;
; N/A                                     ; 59.88 MHz ( period = 16.700 ns )                    ; h10s[1]                       ; h10s[1]                       ; GCKP43     ; GCKP43   ; None                        ; None                      ; 5.700 ns                ;
; N/A                                     ; 59.88 MHz ( period = 16.700 ns )                    ; lpm_counter:h0s_rtl_0|dffs[3] ; h10s[1]                       ; GCKP43     ; GCKP43   ; None                        ; None                      ; 5.700 ns                ;
; N/A                                     ; 59.88 MHz ( period = 16.700 ns )                    ; lpm_counter:h0s_rtl_0|dffs[2] ; h10s[1]                       ; GCKP43     ; GCKP43   ; None                        ; None                      ; 5.700 ns                ;
; N/A                                     ; 59.88 MHz ( period = 16.700 ns )                    ; lpm_counter:h0s_rtl_0|dffs[0] ; h10s[0]                       ; GCKP43     ; GCKP43   ; None                        ; None                      ; 5.700 ns                ;
; N/A                                     ; 59.88 MHz ( period = 16.700 ns )                    ; lpm_counter:h0s_rtl_0|dffs[1] ; h10s[0]                       ; GCKP43     ; GCKP43   ; None                        ; None                      ; 5.700 ns                ;
; N/A                                     ; 59.88 MHz ( period = 16.700 ns )                    ; h10s[1]                       ; h10s[0]                       ; GCKP43     ; GCKP43   ; None                        ; None                      ; 5.700 ns                ;
; N/A                                     ; 59.88 MHz ( period = 16.700 ns )                    ; lpm_counter:h0s_rtl_0|dffs[3] ; h10s[0]                       ; GCKP43     ; GCKP43   ; None                        ; None                      ; 5.700 ns                ;
; N/A                                     ; 59.88 MHz ( period = 16.700 ns )                    ; lpm_counter:h0s_rtl_0|dffs[2] ; h10s[0]                       ; GCKP43     ; GCKP43   ; None                        ; None                      ; 5.700 ns                ;
; N/A                                     ; 59.88 MHz ( period = 16.700 ns )                    ; lpm_counter:h0s_rtl_0|dffs[0] ; lpm_counter:h0s_rtl_0|dffs[3] ; GCKP43     ; GCKP43   ; None                        ; None                      ; 5.700 ns                ;
; N/A                                     ; 59.88 MHz ( period = 16.700 ns )                    ; lpm_counter:h0s_rtl_0|dffs[1] ; lpm_counter:h0s_rtl_0|dffs[3] ; GCKP43     ; GCKP43   ; None                        ; None                      ; 5.700 ns                ;
; N/A                                     ; 59.88 MHz ( period = 16.700 ns )                    ; h10s[1]                       ; lpm_counter:h0s_rtl_0|dffs[3] ; GCKP43     ; GCKP43   ; None                        ; None                      ; 5.700 ns                ;
; N/A                                     ; 59.88 MHz ( period = 16.700 ns )                    ; lpm_counter:h0s_rtl_0|dffs[3] ; lpm_counter:h0s_rtl_0|dffs[3] ; GCKP43     ; GCKP43   ; None                        ; None                      ; 5.700 ns                ;
; N/A                                     ; 59.88 MHz ( period = 16.700 ns )                    ; lpm_counter:h0s_rtl_0|dffs[2] ; lpm_counter:h0s_rtl_0|dffs[3] ; GCKP43     ; GCKP43   ; None                        ; None                      ; 5.700 ns                ;
; N/A                                     ; 59.88 MHz ( period = 16.700 ns )                    ; lpm_counter:h0s_rtl_0|dffs[0] ; lpm_counter:h0s_rtl_0|dffs[2] ; GCKP43     ; GCKP43   ; None                        ; None                      ; 5.700 ns                ;
; N/A                                     ; 59.88 MHz ( period = 16.700 ns )                    ; lpm_counter:h0s_rtl_0|dffs[1] ; lpm_counter:h0s_rtl_0|dffs[2] ; GCKP43     ; GCKP43   ; None                        ; None                      ; 5.700 ns                ;
; N/A                                     ; 59.88 MHz ( period = 16.700 ns )                    ; h10s[1]                       ; lpm_counter:h0s_rtl_0|dffs[2] ; GCKP43     ; GCKP43   ; None                        ; None                      ; 5.700 ns                ;
; N/A                                     ; 59.88 MHz ( period = 16.700 ns )                    ; lpm_counter:h0s_rtl_0|dffs[3] ; lpm_counter:h0s_rtl_0|dffs[2] ; GCKP43     ; GCKP43   ; None                        ; None                      ; 5.700 ns                ;
; N/A                                     ; 59.88 MHz ( period = 16.700 ns )                    ; lpm_counter:h0s_rtl_0|dffs[2] ; lpm_counter:h0s_rtl_0|dffs[2] ; GCKP43     ; GCKP43   ; None                        ; None                      ; 5.700 ns                ;
; N/A                                     ; 60.24 MHz ( period = 16.600 ns )                    ; h10s[0]                       ; h10s[1]                       ; GCKP43     ; GCKP43   ; None                        ; None                      ; 5.600 ns                ;
; N/A                                     ; 60.24 MHz ( period = 16.600 ns )                    ; h10s[0]                       ; h10s[0]                       ; GCKP43     ; GCKP43   ; None                        ; None                      ; 5.600 ns                ;
; N/A                                     ; 60.61 MHz ( period = 16.500 ns )                    ; lpm_counter:h0s_rtl_0|dffs[0] ; lpm_counter:h0s_rtl_0|dffs[0] ; GCKP43     ; GCKP43   ; None                        ; None                      ; 5.500 ns                ;
; N/A                                     ; 98.04 MHz ( period = 10.200 ns )                    ; lpm_counter:m0_rtl_1|dffs[2]  ; lpm_counter:m0_rtl_1|dffs[3]  ; GCKP43     ; GCKP43   ; None                        ; None                      ; 5.700 ns                ;
; N/A                                     ; 98.04 MHz ( period = 10.200 ns )                    ; lpm_counter:m0_rtl_1|dffs[3]  ; clock                         ; GCKP43     ; GCKP43   ; None                        ; None                      ; 5.700 ns                ;
; N/A                                     ; 98.04 MHz ( period = 10.200 ns )                    ; lpm_counter:m0_rtl_1|dffs[2]  ; clock                         ; GCKP43     ; GCKP43   ; None                        ; None                      ; 5.700 ns                ;
; N/A                                     ; 99.01 MHz ( period = 10.100 ns )                    ; lpm_counter:f_rtl_2|dffs[13]  ; lpm_counter:f_rtl_2|dffs[14]  ; GCKP43     ; GCKP43   ; None                        ; None                      ; 5.600 ns                ;
; N/A                                     ; 99.01 MHz ( period = 10.100 ns )                    ; lpm_counter:f_rtl_2|dffs[13]  ; lpm_counter:f_rtl_2|dffs[15]  ; GCKP43     ; GCKP43   ; None                        ; None                      ; 5.600 ns                ;
; N/A                                     ; 99.01 MHz ( period = 10.100 ns )                    ; ckh[4]                        ; lpm_counter:m0_rtl_1|dffs[0]  ; GCKP43     ; GCKP43   ; None                        ; None                      ; 5.600 ns                ;
; N/A                                     ; 99.01 MHz ( period = 10.100 ns )                    ; ckh[4]                        ; lpm_counter:m0_rtl_1|dffs[3]  ; GCKP43     ; GCKP43   ; None                        ; None                      ; 5.600 ns                ;
; N/A                                     ; 99.01 MHz ( period = 10.100 ns )                    ; ckh[4]                        ; lpm_counter:m0_rtl_1|dffs[2]  ; GCKP43     ; GCKP43   ; None                        ; None                      ; 5.600 ns                ;
; N/A                                     ; 99.01 MHz ( period = 10.100 ns )                    ; ckh[4]                        ; lpm_counter:m0_rtl_1|dffs[1]  ; GCKP43     ; GCKP43   ; None                        ; None                      ; 5.600 ns                ;
; N/A                                     ; 100.00 MHz ( period = 10.000 ns )                   ; lpm_counter:f_rtl_2|dffs[2]   ; lpm_counter:f_rtl_2|dffs[3]   ; GCKP43     ; GCKP43   ; None                        ; None                      ; 5.500 ns                ;
; N/A                                     ; 100.00 MHz ( period = 10.000 ns )                   ; lpm_counter:f_rtl_2|dffs[3]   ; lpm_counter:f_rtl_2|dffs[3]   ; GCKP43     ; GCKP43   ; None                        ; None                      ; 5.500 ns                ;
; N/A                                     ; 100.00 MHz ( period = 10.000 ns )                   ; lpm_counter:f_rtl_2|dffs[0]   ; lpm_counter:f_rtl_2|dffs[4]   ; GCKP43     ; GCKP43   ; None                        ; None                      ; 5.500 ns                ;
; N/A                                     ; 100.00 MHz ( period = 10.000 ns )                   ; lpm_counter:f_rtl_2|dffs[1]   ; lpm_counter:f_rtl_2|dffs[4]   ; GCKP43     ; GCKP43   ; None                        ; None                      ; 5.500 ns                ;
; N/A                                     ; 100.00 MHz ( period = 10.000 ns )                   ; lpm_counter:f_rtl_2|dffs[2]   ; lpm_counter:f_rtl_2|dffs[4]   ; GCKP43     ; GCKP43   ; None                        ; None                      ; 5.500 ns                ;
; N/A                                     ; 100.00 MHz ( period = 10.000 ns )                   ; lpm_counter:f_rtl_2|dffs[3]   ; lpm_counter:f_rtl_2|dffs[4]   ; GCKP43     ; GCKP43   ; None                        ; None                      ; 5.500 ns                ;
; N/A                                     ; 100.00 MHz ( period = 10.000 ns )                   ; lpm_counter:f_rtl_2|dffs[4]   ; lpm_counter:f_rtl_2|dffs[4]   ; GCKP43     ; GCKP43   ; None                        ; None                      ; 5.500 ns                ;
; N/A                                     ; 100.00 MHz ( period = 10.000 ns )                   ; lpm_counter:f_rtl_2|dffs[0]   ; lpm_counter:f_rtl_2|dffs[5]   ; GCKP43     ; GCKP43   ; None                        ; None                      ; 5.500 ns                ;
; N/A                                     ; 100.00 MHz ( period = 10.000 ns )                   ; lpm_counter:f_rtl_2|dffs[1]   ; lpm_counter:f_rtl_2|dffs[5]   ; GCKP43     ; GCKP43   ; None                        ; None                      ; 5.500 ns                ;
; N/A                                     ; 100.00 MHz ( period = 10.000 ns )                   ; lpm_counter:f_rtl_2|dffs[2]   ; lpm_counter:f_rtl_2|dffs[5]   ; GCKP43     ; GCKP43   ; None                        ; None                      ; 5.500 ns                ;
; N/A                                     ; 100.00 MHz ( period = 10.000 ns )                   ; lpm_counter:f_rtl_2|dffs[3]   ; lpm_counter:f_rtl_2|dffs[5]   ; GCKP43     ; GCKP43   ; None                        ; None                      ; 5.500 ns                ;
; N/A                                     ; 100.00 MHz ( period = 10.000 ns )                   ; lpm_counter:f_rtl_2|dffs[4]   ; lpm_counter:f_rtl_2|dffs[5]   ; GCKP43     ; GCKP43   ; None                        ; None                      ; 5.500 ns                ;
; N/A                                     ; 100.00 MHz ( period = 10.000 ns )                   ; lpm_counter:f_rtl_2|dffs[5]   ; lpm_counter:f_rtl_2|dffs[5]   ; GCKP43     ; GCKP43   ; None                        ; None                      ; 5.500 ns                ;
; N/A                                     ; 100.00 MHz ( period = 10.000 ns )                   ; lpm_counter:f_rtl_2|dffs[0]   ; lpm_counter:f_rtl_2|dffs[6]   ; GCKP43     ; GCKP43   ; None                        ; None                      ; 5.500 ns                ;
; N/A                                     ; 100.00 MHz ( period = 10.000 ns )                   ; lpm_counter:f_rtl_2|dffs[1]   ; lpm_counter:f_rtl_2|dffs[6]   ; GCKP43     ; GCKP43   ; None                        ; None                      ; 5.500 ns                ;
; N/A                                     ; 100.00 MHz ( period = 10.000 ns )                   ; lpm_counter:f_rtl_2|dffs[2]   ; lpm_counter:f_rtl_2|dffs[6]   ; GCKP43     ; GCKP43   ; None                        ; None                      ; 5.500 ns                ;
; N/A                                     ; 100.00 MHz ( period = 10.000 ns )                   ; lpm_counter:f_rtl_2|dffs[3]   ; lpm_counter:f_rtl_2|dffs[6]   ; GCKP43     ; GCKP43   ; None                        ; None                      ; 5.500 ns                ;
; N/A                                     ; 100.00 MHz ( period = 10.000 ns )                   ; lpm_counter:f_rtl_2|dffs[4]   ; lpm_counter:f_rtl_2|dffs[6]   ; GCKP43     ; GCKP43   ; None                        ; None                      ; 5.500 ns                ;
; N/A                                     ; 100.00 MHz ( period = 10.000 ns )                   ; lpm_counter:f_rtl_2|dffs[5]   ; lpm_counter:f_rtl_2|dffs[6]   ; GCKP43     ; GCKP43   ; None                        ; None                      ; 5.500 ns                ;
; N/A                                     ; 100.00 MHz ( period = 10.000 ns )                   ; lpm_counter:f_rtl_2|dffs[6]   ; lpm_counter:f_rtl_2|dffs[6]   ; GCKP43     ; GCKP43   ; None                        ; None                      ; 5.500 ns                ;
; N/A                                     ; 100.00 MHz ( period = 10.000 ns )                   ; lpm_counter:f_rtl_2|dffs[0]   ; lpm_counter:f_rtl_2|dffs[7]   ; GCKP43     ; GCKP43   ; None                        ; None                      ; 5.500 ns                ;
; N/A                                     ; 100.00 MHz ( period = 10.000 ns )                   ; lpm_counter:f_rtl_2|dffs[1]   ; lpm_counter:f_rtl_2|dffs[7]   ; GCKP43     ; GCKP43   ; None                        ; None                      ; 5.500 ns                ;
; N/A                                     ; 100.00 MHz ( period = 10.000 ns )                   ; lpm_counter:f_rtl_2|dffs[2]   ; lpm_counter:f_rtl_2|dffs[7]   ; GCKP43     ; GCKP43   ; None                        ; None                      ; 5.500 ns                ;
; N/A                                     ; 100.00 MHz ( period = 10.000 ns )                   ; lpm_counter:f_rtl_2|dffs[3]   ; lpm_counter:f_rtl_2|dffs[7]   ; GCKP43     ; GCKP43   ; None                        ; None                      ; 5.500 ns                ;
; N/A                                     ; 100.00 MHz ( period = 10.000 ns )                   ; lpm_counter:f_rtl_2|dffs[4]   ; lpm_counter:f_rtl_2|dffs[7]   ; GCKP43     ; GCKP43   ; None                        ; None                      ; 5.500 ns                ;
; N/A                                     ; 100.00 MHz ( period = 10.000 ns )                   ; lpm_counter:f_rtl_2|dffs[5]   ; lpm_counter:f_rtl_2|dffs[7]   ; GCKP43     ; GCKP43   ; None                        ; None                      ; 5.500 ns                ;
; N/A                                     ; 100.00 MHz ( period = 10.000 ns )                   ; lpm_counter:f_rtl_2|dffs[6]   ; lpm_counter:f_rtl_2|dffs[7]   ; GCKP43     ; GCKP43   ; None                        ; None                      ; 5.500 ns                ;
; N/A                                     ; 100.00 MHz ( period = 10.000 ns )                   ; lpm_counter:f_rtl_2|dffs[7]   ; lpm_counter:f_rtl_2|dffs[7]   ; GCKP43     ; GCKP43   ; None                        ; None                      ; 5.500 ns                ;
; N/A                                     ; 100.00 MHz ( period = 10.000 ns )                   ; lpm_counter:f_rtl_2|dffs[0]   ; lpm_counter:f_rtl_2|dffs[8]   ; GCKP43     ; GCKP43   ; None                        ; None                      ; 5.500 ns                ;
; N/A                                     ; 100.00 MHz ( period = 10.000 ns )                   ; lpm_counter:f_rtl_2|dffs[1]   ; lpm_counter:f_rtl_2|dffs[8]   ; GCKP43     ; GCKP43   ; None                        ; None                      ; 5.500 ns                ;
; N/A                                     ; 100.00 MHz ( period = 10.000 ns )                   ; lpm_counter:f_rtl_2|dffs[2]   ; lpm_counter:f_rtl_2|dffs[8]   ; GCKP43     ; GCKP43   ; None                        ; None                      ; 5.500 ns                ;
; N/A                                     ; 100.00 MHz ( period = 10.000 ns )                   ; lpm_counter:f_rtl_2|dffs[3]   ; lpm_counter:f_rtl_2|dffs[8]   ; GCKP43     ; GCKP43   ; None                        ; None                      ; 5.500 ns                ;
; N/A                                     ; 100.00 MHz ( period = 10.000 ns )                   ; lpm_counter:f_rtl_2|dffs[4]   ; lpm_counter:f_rtl_2|dffs[8]   ; GCKP43     ; GCKP43   ; None                        ; None                      ; 5.500 ns                ;
; N/A                                     ; 100.00 MHz ( period = 10.000 ns )                   ; lpm_counter:f_rtl_2|dffs[5]   ; lpm_counter:f_rtl_2|dffs[8]   ; GCKP43     ; GCKP43   ; None                        ; None                      ; 5.500 ns                ;
; N/A                                     ; 100.00 MHz ( period = 10.000 ns )                   ; lpm_counter:f_rtl_2|dffs[6]   ; lpm_counter:f_rtl_2|dffs[8]   ; GCKP43     ; GCKP43   ; None                        ; None                      ; 5.500 ns                ;
; N/A                                     ; 100.00 MHz ( period = 10.000 ns )                   ; lpm_counter:f_rtl_2|dffs[7]   ; lpm_counter:f_rtl_2|dffs[8]   ; GCKP43     ; GCKP43   ; None                        ; None                      ; 5.500 ns                ;
; N/A                                     ; 100.00 MHz ( period = 10.000 ns )                   ; lpm_counter:f_rtl_2|dffs[8]   ; lpm_counter:f_rtl_2|dffs[8]   ; GCKP43     ; GCKP43   ; None                        ; None                      ; 5.500 ns                ;
; N/A                                     ; 100.00 MHz ( period = 10.000 ns )                   ; lpm_counter:f_rtl_2|dffs[0]   ; lpm_counter:f_rtl_2|dffs[9]   ; GCKP43     ; GCKP43   ; None                        ; None                      ; 5.500 ns                ;
; N/A                                     ; 100.00 MHz ( period = 10.000 ns )                   ; lpm_counter:f_rtl_2|dffs[1]   ; lpm_counter:f_rtl_2|dffs[9]   ; GCKP43     ; GCKP43   ; None                        ; None                      ; 5.500 ns                ;
; N/A                                     ; 100.00 MHz ( period = 10.000 ns )                   ; lpm_counter:f_rtl_2|dffs[2]   ; lpm_counter:f_rtl_2|dffs[9]   ; GCKP43     ; GCKP43   ; None                        ; None                      ; 5.500 ns                ;
; N/A                                     ; 100.00 MHz ( period = 10.000 ns )                   ; lpm_counter:f_rtl_2|dffs[3]   ; lpm_counter:f_rtl_2|dffs[9]   ; GCKP43     ; GCKP43   ; None                        ; None                      ; 5.500 ns                ;
; N/A                                     ; 100.00 MHz ( period = 10.000 ns )                   ; lpm_counter:f_rtl_2|dffs[4]   ; lpm_counter:f_rtl_2|dffs[9]   ; GCKP43     ; GCKP43   ; None                        ; None                      ; 5.500 ns                ;
; N/A                                     ; 100.00 MHz ( period = 10.000 ns )                   ; lpm_counter:f_rtl_2|dffs[5]   ; lpm_counter:f_rtl_2|dffs[9]   ; GCKP43     ; GCKP43   ; None                        ; None                      ; 5.500 ns                ;
; N/A                                     ; 100.00 MHz ( period = 10.000 ns )                   ; lpm_counter:f_rtl_2|dffs[6]   ; lpm_counter:f_rtl_2|dffs[9]   ; GCKP43     ; GCKP43   ; None                        ; None                      ; 5.500 ns                ;
; N/A                                     ; 100.00 MHz ( period = 10.000 ns )                   ; lpm_counter:f_rtl_2|dffs[7]   ; lpm_counter:f_rtl_2|dffs[9]   ; GCKP43     ; GCKP43   ; None                        ; None                      ; 5.500 ns                ;
; N/A                                     ; 100.00 MHz ( period = 10.000 ns )                   ; lpm_counter:f_rtl_2|dffs[8]   ; lpm_counter:f_rtl_2|dffs[9]   ; GCKP43     ; GCKP43   ; None                        ; None                      ; 5.500 ns                ;
; N/A                                     ; 100.00 MHz ( period = 10.000 ns )                   ; lpm_counter:f_rtl_2|dffs[9]   ; lpm_counter:f_rtl_2|dffs[9]   ; GCKP43     ; GCKP43   ; None                        ; None                      ; 5.500 ns                ;
; N/A                                     ; 100.00 MHz ( period = 10.000 ns )                   ; lpm_counter:f_rtl_2|dffs[0]   ; lpm_counter:f_rtl_2|dffs[10]  ; GCKP43     ; GCKP43   ; None                        ; None                      ; 5.500 ns                ;
; N/A                                     ; 100.00 MHz ( period = 10.000 ns )                   ; lpm_counter:f_rtl_2|dffs[1]   ; lpm_counter:f_rtl_2|dffs[10]  ; GCKP43     ; GCKP43   ; None                        ; None                      ; 5.500 ns                ;
; N/A                                     ; 100.00 MHz ( period = 10.000 ns )                   ; lpm_counter:f_rtl_2|dffs[2]   ; lpm_counter:f_rtl_2|dffs[10]  ; GCKP43     ; GCKP43   ; None                        ; None                      ; 5.500 ns                ;
; N/A                                     ; 100.00 MHz ( period = 10.000 ns )                   ; lpm_counter:f_rtl_2|dffs[3]   ; lpm_counter:f_rtl_2|dffs[10]  ; GCKP43     ; GCKP43   ; None                        ; None                      ; 5.500 ns                ;
; N/A                                     ; 100.00 MHz ( period = 10.000 ns )                   ; lpm_counter:f_rtl_2|dffs[4]   ; lpm_counter:f_rtl_2|dffs[10]  ; GCKP43     ; GCKP43   ; None                        ; None                      ; 5.500 ns                ;
; N/A                                     ; 100.00 MHz ( period = 10.000 ns )                   ; lpm_counter:f_rtl_2|dffs[5]   ; lpm_counter:f_rtl_2|dffs[10]  ; GCKP43     ; GCKP43   ; None                        ; None                      ; 5.500 ns                ;
; N/A                                     ; 100.00 MHz ( period = 10.000 ns )                   ; lpm_counter:f_rtl_2|dffs[6]   ; lpm_counter:f_rtl_2|dffs[10]  ; GCKP43     ; GCKP43   ; None                        ; None                      ; 5.500 ns                ;
; N/A                                     ; 100.00 MHz ( period = 10.000 ns )                   ; lpm_counter:f_rtl_2|dffs[7]   ; lpm_counter:f_rtl_2|dffs[10]  ; GCKP43     ; GCKP43   ; None                        ; None                      ; 5.500 ns                ;
; N/A                                     ; 100.00 MHz ( period = 10.000 ns )                   ; lpm_counter:f_rtl_2|dffs[8]   ; lpm_counter:f_rtl_2|dffs[10]  ; GCKP43     ; GCKP43   ; None                        ; None                      ; 5.500 ns                ;
; N/A                                     ; 100.00 MHz ( period = 10.000 ns )                   ; lpm_counter:f_rtl_2|dffs[9]   ; lpm_counter:f_rtl_2|dffs[10]  ; GCKP43     ; GCKP43   ; None                        ; None                      ; 5.500 ns                ;
; N/A                                     ; 100.00 MHz ( period = 10.000 ns )                   ; lpm_counter:f_rtl_2|dffs[10]  ; lpm_counter:f_rtl_2|dffs[10]  ; GCKP43     ; GCKP43   ; None                        ; None                      ; 5.500 ns                ;
; N/A                                     ; 100.00 MHz ( period = 10.000 ns )                   ; lpm_counter:f_rtl_2|dffs[0]   ; lpm_counter:f_rtl_2|dffs[11]  ; GCKP43     ; GCKP43   ; None                        ; None                      ; 5.500 ns                ;
; N/A                                     ; 100.00 MHz ( period = 10.000 ns )                   ; lpm_counter:f_rtl_2|dffs[1]   ; lpm_counter:f_rtl_2|dffs[11]  ; GCKP43     ; GCKP43   ; None                        ; None                      ; 5.500 ns                ;
; N/A                                     ; 100.00 MHz ( period = 10.000 ns )                   ; lpm_counter:f_rtl_2|dffs[2]   ; lpm_counter:f_rtl_2|dffs[11]  ; GCKP43     ; GCKP43   ; None                        ; None                      ; 5.500 ns                ;
; N/A                                     ; 100.00 MHz ( period = 10.000 ns )                   ; lpm_counter:f_rtl_2|dffs[3]   ; lpm_counter:f_rtl_2|dffs[11]  ; GCKP43     ; GCKP43   ; None                        ; None                      ; 5.500 ns                ;
; N/A                                     ; 100.00 MHz ( period = 10.000 ns )                   ; lpm_counter:f_rtl_2|dffs[4]   ; lpm_counter:f_rtl_2|dffs[11]  ; GCKP43     ; GCKP43   ; None                        ; None                      ; 5.500 ns                ;
; N/A                                     ; 100.00 MHz ( period = 10.000 ns )                   ; lpm_counter:f_rtl_2|dffs[5]   ; lpm_counter:f_rtl_2|dffs[11]  ; GCKP43     ; GCKP43   ; None                        ; None                      ; 5.500 ns                ;
; N/A                                     ; 100.00 MHz ( period = 10.000 ns )                   ; lpm_counter:f_rtl_2|dffs[6]   ; lpm_counter:f_rtl_2|dffs[11]  ; GCKP43     ; GCKP43   ; None                        ; None                      ; 5.500 ns                ;
; N/A                                     ; 100.00 MHz ( period = 10.000 ns )                   ; lpm_counter:f_rtl_2|dffs[7]   ; lpm_counter:f_rtl_2|dffs[11]  ; GCKP43     ; GCKP43   ; None                        ; None                      ; 5.500 ns                ;
; N/A                                     ; 100.00 MHz ( period = 10.000 ns )                   ; lpm_counter:f_rtl_2|dffs[8]   ; lpm_counter:f_rtl_2|dffs[11]  ; GCKP43     ; GCKP43   ; None                        ; None                      ; 5.500 ns                ;
; N/A                                     ; 100.00 MHz ( period = 10.000 ns )                   ; lpm_counter:f_rtl_2|dffs[9]   ; lpm_counter:f_rtl_2|dffs[11]  ; GCKP43     ; GCKP43   ; None                        ; None                      ; 5.500 ns                ;
; N/A                                     ; 100.00 MHz ( period = 10.000 ns )                   ; lpm_counter:f_rtl_2|dffs[10]  ; lpm_counter:f_rtl_2|dffs[11]  ; GCKP43     ; GCKP43   ; None                        ; None                      ; 5.500 ns                ;
; N/A                                     ; 100.00 MHz ( period = 10.000 ns )                   ; lpm_counter:f_rtl_2|dffs[11]  ; lpm_counter:f_rtl_2|dffs[11]  ; GCKP43     ; GCKP43   ; None                        ; None                      ; 5.500 ns                ;
; N/A                                     ; 100.00 MHz ( period = 10.000 ns )                   ; lpm_counter:f_rtl_2|dffs[0]   ; lpm_counter:f_rtl_2|dffs[12]  ; GCKP43     ; GCKP43   ; None                        ; None                      ; 5.500 ns                ;
; N/A                                     ; 100.00 MHz ( period = 10.000 ns )                   ; lpm_counter:f_rtl_2|dffs[1]   ; lpm_counter:f_rtl_2|dffs[12]  ; GCKP43     ; GCKP43   ; None                        ; None                      ; 5.500 ns                ;
; N/A                                     ; 100.00 MHz ( period = 10.000 ns )                   ; lpm_counter:f_rtl_2|dffs[2]   ; lpm_counter:f_rtl_2|dffs[12]  ; GCKP43     ; GCKP43   ; None                        ; None                      ; 5.500 ns                ;
; N/A                                     ; 100.00 MHz ( period = 10.000 ns )                   ; lpm_counter:f_rtl_2|dffs[3]   ; lpm_counter:f_rtl_2|dffs[12]  ; GCKP43     ; GCKP43   ; None                        ; None                      ; 5.500 ns                ;
; N/A                                     ; 100.00 MHz ( period = 10.000 ns )                   ; lpm_counter:f_rtl_2|dffs[4]   ; lpm_counter:f_rtl_2|dffs[12]  ; GCKP43     ; GCKP43   ; None                        ; None                      ; 5.500 ns                ;
; N/A                                     ; 100.00 MHz ( period = 10.000 ns )                   ; lpm_counter:f_rtl_2|dffs[5]   ; lpm_counter:f_rtl_2|dffs[12]  ; GCKP43     ; GCKP43   ; None                        ; None                      ; 5.500 ns                ;
; N/A                                     ; 100.00 MHz ( period = 10.000 ns )                   ; lpm_counter:f_rtl_2|dffs[6]   ; lpm_counter:f_rtl_2|dffs[12]  ; GCKP43     ; GCKP43   ; None                        ; None                      ; 5.500 ns                ;
; N/A                                     ; 100.00 MHz ( period = 10.000 ns )                   ; lpm_counter:f_rtl_2|dffs[7]   ; lpm_counter:f_rtl_2|dffs[12]  ; GCKP43     ; GCKP43   ; None                        ; None                      ; 5.500 ns                ;
; N/A                                     ; 100.00 MHz ( period = 10.000 ns )                   ; lpm_counter:f_rtl_2|dffs[8]   ; lpm_counter:f_rtl_2|dffs[12]  ; GCKP43     ; GCKP43   ; None                        ; None                      ; 5.500 ns                ;
; N/A                                     ; 100.00 MHz ( period = 10.000 ns )                   ; lpm_counter:f_rtl_2|dffs[9]   ; lpm_counter:f_rtl_2|dffs[12]  ; GCKP43     ; GCKP43   ; None                        ; None                      ; 5.500 ns                ;
; N/A                                     ; 100.00 MHz ( period = 10.000 ns )                   ; lpm_counter:f_rtl_2|dffs[10]  ; lpm_counter:f_rtl_2|dffs[12]  ; GCKP43     ; GCKP43   ; None                        ; None                      ; 5.500 ns                ;
; N/A                                     ; 100.00 MHz ( period = 10.000 ns )                   ; lpm_counter:f_rtl_2|dffs[11]  ; lpm_counter:f_rtl_2|dffs[12]  ; GCKP43     ; GCKP43   ; None                        ; None                      ; 5.500 ns                ;
; N/A                                     ; 100.00 MHz ( period = 10.000 ns )                   ; lpm_counter:f_rtl_2|dffs[12]  ; lpm_counter:f_rtl_2|dffs[12]  ; GCKP43     ; GCKP43   ; None                        ; None                      ; 5.500 ns                ;
; N/A                                     ; 100.00 MHz ( period = 10.000 ns )                   ; lpm_counter:f_rtl_2|dffs[0]   ; lpm_counter:f_rtl_2|dffs[13]  ; GCKP43     ; GCKP43   ; None                        ; None                      ; 5.500 ns                ;
; N/A                                     ; 100.00 MHz ( period = 10.000 ns )                   ; lpm_counter:f_rtl_2|dffs[1]   ; lpm_counter:f_rtl_2|dffs[13]  ; GCKP43     ; GCKP43   ; None                        ; None                      ; 5.500 ns                ;
; N/A                                     ; 100.00 MHz ( period = 10.000 ns )                   ; lpm_counter:f_rtl_2|dffs[2]   ; lpm_counter:f_rtl_2|dffs[13]  ; GCKP43     ; GCKP43   ; None                        ; None                      ; 5.500 ns                ;
; N/A                                     ; 100.00 MHz ( period = 10.000 ns )                   ; lpm_counter:f_rtl_2|dffs[3]   ; lpm_counter:f_rtl_2|dffs[13]  ; GCKP43     ; GCKP43   ; None                        ; None                      ; 5.500 ns                ;
; N/A                                     ; 100.00 MHz ( period = 10.000 ns )                   ; lpm_counter:f_rtl_2|dffs[4]   ; lpm_counter:f_rtl_2|dffs[13]  ; GCKP43     ; GCKP43   ; None                        ; None                      ; 5.500 ns                ;
; N/A                                     ; 100.00 MHz ( period = 10.000 ns )                   ; lpm_counter:f_rtl_2|dffs[5]   ; lpm_counter:f_rtl_2|dffs[13]  ; GCKP43     ; GCKP43   ; None                        ; None                      ; 5.500 ns                ;
; N/A                                     ; 100.00 MHz ( period = 10.000 ns )                   ; lpm_counter:f_rtl_2|dffs[6]   ; lpm_counter:f_rtl_2|dffs[13]  ; GCKP43     ; GCKP43   ; None                        ; None                      ; 5.500 ns                ;
; N/A                                     ; 100.00 MHz ( period = 10.000 ns )                   ; lpm_counter:f_rtl_2|dffs[7]   ; lpm_counter:f_rtl_2|dffs[13]  ; GCKP43     ; GCKP43   ; None                        ; None                      ; 5.500 ns                ;
; N/A                                     ; 100.00 MHz ( period = 10.000 ns )                   ; lpm_counter:f_rtl_2|dffs[8]   ; lpm_counter:f_rtl_2|dffs[13]  ; GCKP43     ; GCKP43   ; None                        ; None                      ; 5.500 ns                ;
; N/A                                     ; 100.00 MHz ( period = 10.000 ns )                   ; lpm_counter:f_rtl_2|dffs[9]   ; lpm_counter:f_rtl_2|dffs[13]  ; GCKP43     ; GCKP43   ; None                        ; None                      ; 5.500 ns                ;
; N/A                                     ; 100.00 MHz ( period = 10.000 ns )                   ; lpm_counter:f_rtl_2|dffs[10]  ; lpm_counter:f_rtl_2|dffs[13]  ; GCKP43     ; GCKP43   ; None                        ; None                      ; 5.500 ns                ;
; N/A                                     ; 100.00 MHz ( period = 10.000 ns )                   ; lpm_counter:f_rtl_2|dffs[11]  ; lpm_counter:f_rtl_2|dffs[13]  ; GCKP43     ; GCKP43   ; None                        ; None                      ; 5.500 ns                ;
; N/A                                     ; 100.00 MHz ( period = 10.000 ns )                   ; lpm_counter:f_rtl_2|dffs[12]  ; lpm_counter:f_rtl_2|dffs[13]  ; GCKP43     ; GCKP43   ; None                        ; None                      ; 5.500 ns                ;
; N/A                                     ; 100.00 MHz ( period = 10.000 ns )                   ; lpm_counter:f_rtl_2|dffs[13]  ; lpm_counter:f_rtl_2|dffs[13]  ; GCKP43     ; GCKP43   ; None                        ; None                      ; 5.500 ns                ;
; N/A                                     ; 100.00 MHz ( period = 10.000 ns )                   ; s1[0]                         ; s1[0]                         ; GCKP43     ; GCKP43   ; None                        ; None                      ; 5.500 ns                ;
; N/A                                     ; 100.00 MHz ( period = 10.000 ns )                   ; s1[2]                         ; s1[0]                         ; GCKP43     ; GCKP43   ; None                        ; None                      ; 5.500 ns                ;
; N/A                                     ; 100.00 MHz ( period = 10.000 ns )                   ; s1[0]                         ; s1[2]                         ; GCKP43     ; GCKP43   ; None                        ; None                      ; 5.500 ns                ;
; N/A                                     ; 100.00 MHz ( period = 10.000 ns )                   ; s1[2]                         ; s1[2]                         ; GCKP43     ; GCKP43   ; None                        ; None                      ; 5.500 ns                ;
; N/A                                     ; 100.00 MHz ( period = 10.000 ns )                   ; s1[1]                         ; s1[2]                         ; GCKP43     ; GCKP43   ; None                        ; None                      ; 5.500 ns                ;
; N/A                                     ; 100.00 MHz ( period = 10.000 ns )                   ; s1[0]                         ; s1[1]                         ; GCKP43     ; GCKP43   ; None                        ; None                      ; 5.500 ns                ;
; N/A                                     ; 100.00 MHz ( period = 10.000 ns )                   ; s1[2]                         ; s1[1]                         ; GCKP43     ; GCKP43   ; None                        ; None                      ; 5.500 ns                ;
; N/A                                     ; 100.00 MHz ( period = 10.000 ns )                   ; s1[1]                         ; s1[1]                         ; GCKP43     ; GCKP43   ; None                        ; None                      ; 5.500 ns                ;
; N/A                                     ; 100.00 MHz ( period = 10.000 ns )                   ; lpm_counter:f_rtl_2|dffs[0]   ; lpm_counter:f_rtl_2|dffs[14]  ; GCKP43     ; GCKP43   ; None                        ; None                      ; 5.500 ns                ;
; N/A                                     ; 100.00 MHz ( period = 10.000 ns )                   ; lpm_counter:f_rtl_2|dffs[1]   ; lpm_counter:f_rtl_2|dffs[14]  ; GCKP43     ; GCKP43   ; None                        ; None                      ; 5.500 ns                ;
; N/A                                     ; 100.00 MHz ( period = 10.000 ns )                   ; lpm_counter:f_rtl_2|dffs[2]   ; lpm_counter:f_rtl_2|dffs[14]  ; GCKP43     ; GCKP43   ; None                        ; None                      ; 5.500 ns                ;
; N/A                                     ; 100.00 MHz ( period = 10.000 ns )                   ; lpm_counter:f_rtl_2|dffs[3]   ; lpm_counter:f_rtl_2|dffs[14]  ; GCKP43     ; GCKP43   ; None                        ; None                      ; 5.500 ns                ;
; N/A                                     ; 100.00 MHz ( period = 10.000 ns )                   ; lpm_counter:f_rtl_2|dffs[4]   ; lpm_counter:f_rtl_2|dffs[14]  ; GCKP43     ; GCKP43   ; None                        ; None                      ; 5.500 ns                ;
; N/A                                     ; 100.00 MHz ( period = 10.000 ns )                   ; lpm_counter:f_rtl_2|dffs[5]   ; lpm_counter:f_rtl_2|dffs[14]  ; GCKP43     ; GCKP43   ; None                        ; None                      ; 5.500 ns                ;
; N/A                                     ; 100.00 MHz ( period = 10.000 ns )                   ; lpm_counter:f_rtl_2|dffs[6]   ; lpm_counter:f_rtl_2|dffs[14]  ; GCKP43     ; GCKP43   ; None                        ; None                      ; 5.500 ns                ;
; N/A                                     ; 100.00 MHz ( period = 10.000 ns )                   ; lpm_counter:f_rtl_2|dffs[7]   ; lpm_counter:f_rtl_2|dffs[14]  ; GCKP43     ; GCKP43   ; None                        ; None                      ; 5.500 ns                ;
; N/A                                     ; 100.00 MHz ( period = 10.000 ns )                   ; lpm_counter:f_rtl_2|dffs[8]   ; lpm_counter:f_rtl_2|dffs[14]  ; GCKP43     ; GCKP43   ; None                        ; None                      ; 5.500 ns                ;
; N/A                                     ; 100.00 MHz ( period = 10.000 ns )                   ; lpm_counter:f_rtl_2|dffs[9]   ; lpm_counter:f_rtl_2|dffs[14]  ; GCKP43     ; GCKP43   ; None                        ; None                      ; 5.500 ns                ;
; N/A                                     ; 100.00 MHz ( period = 10.000 ns )                   ; lpm_counter:f_rtl_2|dffs[10]  ; lpm_counter:f_rtl_2|dffs[14]  ; GCKP43     ; GCKP43   ; None                        ; None                      ; 5.500 ns                ;
; N/A                                     ; 100.00 MHz ( period = 10.000 ns )                   ; lpm_counter:f_rtl_2|dffs[11]  ; lpm_counter:f_rtl_2|dffs[14]  ; GCKP43     ; GCKP43   ; None                        ; None                      ; 5.500 ns                ;
; N/A                                     ; 100.00 MHz ( period = 10.000 ns )                   ; lpm_counter:f_rtl_2|dffs[12]  ; lpm_counter:f_rtl_2|dffs[14]  ; GCKP43     ; GCKP43   ; None                        ; None                      ; 5.500 ns                ;
; N/A                                     ; 100.00 MHz ( period = 10.000 ns )                   ; lpm_counter:f_rtl_2|dffs[14]  ; lpm_counter:f_rtl_2|dffs[14]  ; GCKP43     ; GCKP43   ; None                        ; None                      ; 5.500 ns                ;
; N/A                                     ; 100.00 MHz ( period = 10.000 ns )                   ; lpm_counter:f_rtl_2|dffs[0]   ; lpm_counter:f_rtl_2|dffs[15]  ; GCKP43     ; GCKP43   ; None                        ; None                      ; 5.500 ns                ;
; N/A                                     ; 100.00 MHz ( period = 10.000 ns )                   ; lpm_counter:f_rtl_2|dffs[1]   ; lpm_counter:f_rtl_2|dffs[15]  ; GCKP43     ; GCKP43   ; None                        ; None                      ; 5.500 ns                ;
; N/A                                     ; 100.00 MHz ( period = 10.000 ns )                   ; lpm_counter:f_rtl_2|dffs[2]   ; lpm_counter:f_rtl_2|dffs[15]  ; GCKP43     ; GCKP43   ; None                        ; None                      ; 5.500 ns                ;
; N/A                                     ; 100.00 MHz ( period = 10.000 ns )                   ; lpm_counter:f_rtl_2|dffs[3]   ; lpm_counter:f_rtl_2|dffs[15]  ; GCKP43     ; GCKP43   ; None                        ; None                      ; 5.500 ns                ;
; N/A                                     ; 100.00 MHz ( period = 10.000 ns )                   ; lpm_counter:f_rtl_2|dffs[4]   ; lpm_counter:f_rtl_2|dffs[15]  ; GCKP43     ; GCKP43   ; None                        ; None                      ; 5.500 ns                ;
; N/A                                     ; 100.00 MHz ( period = 10.000 ns )                   ; lpm_counter:f_rtl_2|dffs[5]   ; lpm_counter:f_rtl_2|dffs[15]  ; GCKP43     ; GCKP43   ; None                        ; None                      ; 5.500 ns                ;
; N/A                                     ; 100.00 MHz ( period = 10.000 ns )                   ; lpm_counter:f_rtl_2|dffs[6]   ; lpm_counter:f_rtl_2|dffs[15]  ; GCKP43     ; GCKP43   ; None                        ; None                      ; 5.500 ns                ;
; N/A                                     ; 100.00 MHz ( period = 10.000 ns )                   ; lpm_counter:f_rtl_2|dffs[7]   ; lpm_counter:f_rtl_2|dffs[15]  ; GCKP43     ; GCKP43   ; None                        ; None                      ; 5.500 ns                ;
; N/A                                     ; 100.00 MHz ( period = 10.000 ns )                   ; lpm_counter:f_rtl_2|dffs[8]   ; lpm_counter:f_rtl_2|dffs[15]  ; GCKP43     ; GCKP43   ; None                        ; None                      ; 5.500 ns                ;
; N/A                                     ; 100.00 MHz ( period = 10.000 ns )                   ; lpm_counter:f_rtl_2|dffs[9]   ; lpm_counter:f_rtl_2|dffs[15]  ; GCKP43     ; GCKP43   ; None                        ; None                      ; 5.500 ns                ;
; N/A                                     ; 100.00 MHz ( period = 10.000 ns )                   ; lpm_counter:f_rtl_2|dffs[10]  ; lpm_counter:f_rtl_2|dffs[15]  ; GCKP43     ; GCKP43   ; None                        ; None                      ; 5.500 ns                ;
; N/A                                     ; 100.00 MHz ( period = 10.000 ns )                   ; lpm_counter:f_rtl_2|dffs[11]  ; lpm_counter:f_rtl_2|dffs[15]  ; GCKP43     ; GCKP43   ; None                        ; None                      ; 5.500 ns                ;
; N/A                                     ; 100.00 MHz ( period = 10.000 ns )                   ; lpm_counter:f_rtl_2|dffs[12]  ; lpm_counter:f_rtl_2|dffs[15]  ; GCKP43     ; GCKP43   ; None                        ; None                      ; 5.500 ns                ;
; N/A                                     ; 100.00 MHz ( period = 10.000 ns )                   ; lpm_counter:f_rtl_2|dffs[14]  ; lpm_counter:f_rtl_2|dffs[15]  ; GCKP43     ; GCKP43   ; None                        ; None                      ; 5.500 ns                ;
; N/A                                     ; 100.00 MHz ( period = 10.000 ns )                   ; lpm_counter:f_rtl_2|dffs[15]  ; lpm_counter:f_rtl_2|dffs[15]  ; GCKP43     ; GCKP43   ; None                        ; None                      ; 5.500 ns                ;
; N/A                                     ; 100.00 MHz ( period = 10.000 ns )                   ; s2[0]                         ; s2[0]                         ; GCKP43     ; GCKP43   ; None                        ; None                      ; 5.500 ns                ;
; N/A                                     ; 100.00 MHz ( period = 10.000 ns )                   ; s2[2]                         ; s2[0]                         ; GCKP43     ; GCKP43   ; None                        ; None                      ; 5.500 ns                ;
; N/A                                     ; 100.00 MHz ( period = 10.000 ns )                   ; s2[0]                         ; s2[2]                         ; GCKP43     ; GCKP43   ; None                        ; None                      ; 5.500 ns                ;
; N/A                                     ; 100.00 MHz ( period = 10.000 ns )                   ; s2[2]                         ; s2[2]                         ; GCKP43     ; GCKP43   ; None                        ; None                      ; 5.500 ns                ;
; N/A                                     ; 100.00 MHz ( period = 10.000 ns )                   ; s2[1]                         ; s2[2]                         ; GCKP43     ; GCKP43   ; None                        ; None                      ; 5.500 ns                ;
; N/A                                     ; 100.00 MHz ( period = 10.000 ns )                   ; s2[0]                         ; s2[1]                         ; GCKP43     ; GCKP43   ; None                        ; None                      ; 5.500 ns                ;
; N/A                                     ; 100.00 MHz ( period = 10.000 ns )                   ; s2[2]                         ; s2[1]                         ; GCKP43     ; GCKP43   ; None                        ; None                      ; 5.500 ns                ;
; N/A                                     ; 100.00 MHz ( period = 10.000 ns )                   ; s2[1]                         ; s2[1]                         ; GCKP43     ; GCKP43   ; None                        ; None                      ; 5.500 ns                ;
; N/A                                     ; 100.00 MHz ( period = 10.000 ns )                   ; s3[0]                         ; s3[0]                         ; GCKP43     ; GCKP43   ; None                        ; None                      ; 5.500 ns                ;
; N/A                                     ; 100.00 MHz ( period = 10.000 ns )                   ; s3[2]                         ; s3[0]                         ; GCKP43     ; GCKP43   ; None                        ; None                      ; 5.500 ns                ;
; N/A                                     ; 100.00 MHz ( period = 10.000 ns )                   ; s3[0]                         ; s3[2]                         ; GCKP43     ; GCKP43   ; None                        ; None                      ; 5.500 ns                ;
; N/A                                     ; 100.00 MHz ( period = 10.000 ns )                   ; s3[2]                         ; s3[2]                         ; GCKP43     ; GCKP43   ; None                        ; None                      ; 5.500 ns                ;
; N/A                                     ; 100.00 MHz ( period = 10.000 ns )                   ; s3[1]                         ; s3[2]                         ; GCKP43     ; GCKP43   ; None                        ; None                      ; 5.500 ns                ;
; N/A                                     ; 100.00 MHz ( period = 10.000 ns )                   ; s3[0]                         ; s3[1]                         ; GCKP43     ; GCKP43   ; None                        ; None                      ; 5.500 ns                ;
; N/A                                     ; 100.00 MHz ( period = 10.000 ns )                   ; s3[2]                         ; s3[1]                         ; GCKP43     ; GCKP43   ; None                        ; None                      ; 5.500 ns                ;
; N/A                                     ; 100.00 MHz ( period = 10.000 ns )                   ; s3[1]                         ; s3[1]                         ; GCKP43     ; GCKP43   ; None                        ; None                      ; 5.500 ns                ;
; N/A                                     ; 100.00 MHz ( period = 10.000 ns )                   ; lpm_counter:f_rtl_2|dffs[15]  ; lpm_counter:m0_rtl_1|dffs[0]  ; GCKP43     ; GCKP43   ; None                        ; None                      ; 5.500 ns                ;
; N/A                                     ; 100.00 MHz ( period = 10.000 ns )                   ; lpm_counter:m0_rtl_1|dffs[0]  ; lpm_counter:m0_rtl_1|dffs[0]  ; GCKP43     ; GCKP43   ; None                        ; None                      ; 5.500 ns                ;
; N/A                                     ; 100.00 MHz ( period = 10.000 ns )                   ; lpm_counter:f_rtl_2|dffs[15]  ; lpm_counter:m0_rtl_1|dffs[3]  ; GCKP43     ; GCKP43   ; None                        ; None                      ; 5.500 ns                ;
; N/A                                     ; 100.00 MHz ( period = 10.000 ns )                   ; lpm_counter:m0_rtl_1|dffs[0]  ; lpm_counter:m0_rtl_1|dffs[3]  ; GCKP43     ; GCKP43   ; None                        ; None                      ; 5.500 ns                ;
; N/A                                     ; 100.00 MHz ( period = 10.000 ns )                   ; lpm_counter:m0_rtl_1|dffs[3]  ; lpm_counter:m0_rtl_1|dffs[3]  ; GCKP43     ; GCKP43   ; None                        ; None                      ; 5.500 ns                ;
; N/A                                     ; 100.00 MHz ( period = 10.000 ns )                   ; lpm_counter:m0_rtl_1|dffs[1]  ; lpm_counter:m0_rtl_1|dffs[3]  ; GCKP43     ; GCKP43   ; None                        ; None                      ; 5.500 ns                ;
; N/A                                     ; 100.00 MHz ( period = 10.000 ns )                   ; lpm_counter:f_rtl_2|dffs[15]  ; lpm_counter:m0_rtl_1|dffs[2]  ; GCKP43     ; GCKP43   ; None                        ; None                      ; 5.500 ns                ;
; N/A                                     ; 100.00 MHz ( period = 10.000 ns )                   ; lpm_counter:m0_rtl_1|dffs[0]  ; lpm_counter:m0_rtl_1|dffs[2]  ; GCKP43     ; GCKP43   ; None                        ; None                      ; 5.500 ns                ;
; N/A                                     ; 100.00 MHz ( period = 10.000 ns )                   ; lpm_counter:m0_rtl_1|dffs[2]  ; lpm_counter:m0_rtl_1|dffs[2]  ; GCKP43     ; GCKP43   ; None                        ; None                      ; 5.500 ns                ;
; N/A                                     ; 100.00 MHz ( period = 10.000 ns )                   ; lpm_counter:m0_rtl_1|dffs[1]  ; lpm_counter:m0_rtl_1|dffs[2]  ; GCKP43     ; GCKP43   ; None                        ; None                      ; 5.500 ns                ;
; N/A                                     ; 100.00 MHz ( period = 10.000 ns )                   ; lpm_counter:f_rtl_2|dffs[15]  ; lpm_counter:m0_rtl_1|dffs[1]  ; GCKP43     ; GCKP43   ; None                        ; None                      ; 5.500 ns                ;
; N/A                                     ; 100.00 MHz ( period = 10.000 ns )                   ; lpm_counter:m0_rtl_1|dffs[0]  ; lpm_counter:m0_rtl_1|dffs[1]  ; GCKP43     ; GCKP43   ; None                        ; None                      ; 5.500 ns                ;
; N/A                                     ; 100.00 MHz ( period = 10.000 ns )                   ; lpm_counter:m0_rtl_1|dffs[1]  ; lpm_counter:m0_rtl_1|dffs[1]  ; GCKP43     ; GCKP43   ; None                        ; None                      ; 5.500 ns                ;
; Timing analysis restricted to 200 rows. ; To change the limit use Settings (Assignments menu) ;                               ;                               ;            ;          ;                             ;                           ;                         ;
+-----------------------------------------+-----------------------------------------------------+-------------------------------+-------------------------------+------------+----------+-----------------------------+---------------------------+-------------------------+


+-----------------------------------------------------------------------------------------------------------------------------------------------------------------------------------------------------------------------+
; Clock Hold: 'GCKP43'                                                                                                                                                                                                  ;
+------------------------------------------+-------------------------------+-------------------------------+------------+----------+----------------------------+----------------------------+--------------------------+
; Minimum Slack                            ; From                          ; To                            ; From Clock ; To Clock ; Required Hold Relationship ; Required Shortest P2P Time ; Actual Shortest P2P Time ;
+------------------------------------------+-------------------------------+-------------------------------+------------+----------+----------------------------+----------------------------+--------------------------+
; Not operational: Clock Skew > Data Delay ; lpm_counter:h0s_rtl_0|dffs[0] ; lpm_counter:h0s_rtl_0|dffs[0] ; GCKP43     ; GCKP43   ; None                       ; None                       ; 5.500 ns                 ;
; Not operational: Clock Skew > Data Delay ; lpm_counter:h0s_rtl_0|dffs[1] ; lpm_counter:h0s_rtl_0|dffs[1] ; GCKP43     ; GCKP43   ; None                       ; None                       ; 5.500 ns                 ;
; Not operational: Clock Skew > Data Delay ; h10s[1]                       ; h10s[1]                       ; GCKP43     ; GCKP43   ; None                       ; None                       ; 5.500 ns                 ;
; Not operational: Clock Skew > Data Delay ; h10s[0]                       ; h10s[0]                       ; GCKP43     ; GCKP43   ; None                       ; None                       ; 5.500 ns                 ;
; Not operational: Clock Skew > Data Delay ; lpm_counter:h0s_rtl_0|dffs[3] ; lpm_counter:h0s_rtl_0|dffs[3] ; GCKP43     ; GCKP43   ; None                       ; None                       ; 5.500 ns                 ;
; Not operational: Clock Skew > Data Delay ; lpm_counter:h0s_rtl_0|dffs[2] ; lpm_counter:h0s_rtl_0|dffs[2] ; GCKP43     ; GCKP43   ; None                       ; None                       ; 5.500 ns                 ;
; Not operational: Clock Skew > Data Delay ; h10s[0]                       ; h10s[1]                       ; GCKP43     ; GCKP43   ; None                       ; None                       ; 5.600 ns                 ;
; Not operational: Clock Skew > Data Delay ; lpm_counter:h0s_rtl_0|dffs[0] ; lpm_counter:h0s_rtl_0|dffs[1] ; GCKP43     ; GCKP43   ; None                       ; None                       ; 5.700 ns                 ;
; Not operational: Clock Skew > Data Delay ; h10s[1]                       ; lpm_counter:h0s_rtl_0|dffs[1] ; GCKP43     ; GCKP43   ; None                       ; None                       ; 5.700 ns                 ;
; Not operational: Clock Skew > Data Delay ; lpm_counter:h0s_rtl_0|dffs[3] ; lpm_counter:h0s_rtl_0|dffs[1] ; GCKP43     ; GCKP43   ; None                       ; None                       ; 5.700 ns                 ;
; Not operational: Clock Skew > Data Delay ; lpm_counter:h0s_rtl_0|dffs[2] ; lpm_counter:h0s_rtl_0|dffs[1] ; GCKP43     ; GCKP43   ; None                       ; None                       ; 5.700 ns                 ;
; Not operational: Clock Skew > Data Delay ; lpm_counter:h0s_rtl_0|dffs[0] ; h10s[1]                       ; GCKP43     ; GCKP43   ; None                       ; None                       ; 5.700 ns                 ;
; Not operational: Clock Skew > Data Delay ; lpm_counter:h0s_rtl_0|dffs[1] ; h10s[1]                       ; GCKP43     ; GCKP43   ; None                       ; None                       ; 5.700 ns                 ;
; Not operational: Clock Skew > Data Delay ; lpm_counter:h0s_rtl_0|dffs[3] ; h10s[1]                       ; GCKP43     ; GCKP43   ; None                       ; None                       ; 5.700 ns                 ;
; Not operational: Clock Skew > Data Delay ; lpm_counter:h0s_rtl_0|dffs[2] ; h10s[1]                       ; GCKP43     ; GCKP43   ; None                       ; None                       ; 5.700 ns                 ;
; Not operational: Clock Skew > Data Delay ; lpm_counter:h0s_rtl_0|dffs[0] ; h10s[0]                       ; GCKP43     ; GCKP43   ; None                       ; None                       ; 5.700 ns                 ;
; Not operational: Clock Skew > Data Delay ; lpm_counter:h0s_rtl_0|dffs[1] ; h10s[0]                       ; GCKP43     ; GCKP43   ; None                       ; None                       ; 5.700 ns                 ;
; Not operational: Clock Skew > Data Delay ; h10s[1]                       ; h10s[0]                       ; GCKP43     ; GCKP43   ; None                       ; None                       ; 5.700 ns                 ;
; Not operational: Clock Skew > Data Delay ; lpm_counter:h0s_rtl_0|dffs[3] ; h10s[0]                       ; GCKP43     ; GCKP43   ; None                       ; None                       ; 5.700 ns                 ;
; Not operational: Clock Skew > Data Delay ; lpm_counter:h0s_rtl_0|dffs[2] ; h10s[0]                       ; GCKP43     ; GCKP43   ; None                       ; None                       ; 5.700 ns                 ;
; Not operational: Clock Skew > Data Delay ; lpm_counter:h0s_rtl_0|dffs[0] ; lpm_counter:h0s_rtl_0|dffs[3] ; GCKP43     ; GCKP43   ; None                       ; None                       ; 5.700 ns                 ;
; Not operational: Clock Skew > Data Delay ; lpm_counter:h0s_rtl_0|dffs[1] ; lpm_counter:h0s_rtl_0|dffs[3] ; GCKP43     ; GCKP43   ; None                       ; None                       ; 5.700 ns                 ;
; Not operational: Clock Skew > Data Delay ; h10s[1]                       ; lpm_counter:h0s_rtl_0|dffs[3] ; GCKP43     ; GCKP43   ; None                       ; None                       ; 5.700 ns                 ;
; Not operational: Clock Skew > Data Delay ; lpm_counter:h0s_rtl_0|dffs[2] ; lpm_counter:h0s_rtl_0|dffs[3] ; GCKP43     ; GCKP43   ; None                       ; None                       ; 5.700 ns                 ;
; Not operational: Clock Skew > Data Delay ; lpm_counter:h0s_rtl_0|dffs[0] ; lpm_counter:h0s_rtl_0|dffs[2] ; GCKP43     ; GCKP43   ; None                       ; None                       ; 5.700 ns                 ;
; Not operational: Clock Skew > Data Delay ; lpm_counter:h0s_rtl_0|dffs[1] ; lpm_counter:h0s_rtl_0|dffs[2] ; GCKP43     ; GCKP43   ; None                       ; None                       ; 5.700 ns                 ;
; Not operational: Clock Skew > Data Delay ; h10s[1]                       ; lpm_counter:h0s_rtl_0|dffs[2] ; GCKP43     ; GCKP43   ; None                       ; None                       ; 5.700 ns                 ;
; Not operational: Clock Skew > Data Delay ; lpm_counter:h0s_rtl_0|dffs[3] ; lpm_counter:h0s_rtl_0|dffs[2] ; GCKP43     ; GCKP43   ; None                       ; None                       ; 5.700 ns                 ;
+------------------------------------------+-------------------------------+-------------------------------+------------+----------+----------------------------+----------------------------+--------------------------+


+-----------------------------------------------------------------+
; tsu                                                             ;
+-------+--------------+------------+----------+-------+----------+
; Slack ; Required tsu ; Actual tsu ; From     ; To    ; To Clock ;
+-------+--------------+------------+----------+-------+----------+
; N/A   ; None         ; 6.200 ns   ; p22clock ; clock ; GCKP43   ;
+-------+--------------+------------+----------+-------+----------+


+-------------------------------------------------------------------------------------------+
; tco                                                                                       ;
+-------+--------------+------------+-------------------------------+----------+------------+
; Slack ; Required tco ; Actual tco ; From                          ; To       ; From Clock ;
+-------+--------------+------------+-------------------------------+----------+------------+
; N/A   ; None         ; 26.900 ns  ; h10s[0]                       ; h10o[0]  ; GCKP43     ;
; N/A   ; None         ; 26.900 ns  ; h10s[1]                       ; h10o[1]  ; GCKP43     ;
; N/A   ; None         ; 26.900 ns  ; lpm_counter:h0s_rtl_0|dffs[3] ; h0o[3]   ; GCKP43     ;
; N/A   ; None         ; 26.900 ns  ; lpm_counter:h0s_rtl_0|dffs[2] ; h0o[2]   ; GCKP43     ;
; N/A   ; None         ; 26.900 ns  ; lpm_counter:h0s_rtl_0|dffs[1] ; h0o[1]   ; GCKP43     ;
; N/A   ; None         ; 26.900 ns  ; lpm_counter:h0s_rtl_0|dffs[0] ; h0o[0]   ; GCKP43     ;
; N/A   ; None         ; 20.300 ns  ; s1[2]                         ; p8ckm    ; GCKP43     ;
; N/A   ; None         ; 20.300 ns  ; s3[2]                         ; p8ckm    ; GCKP43     ;
; N/A   ; None         ; 20.300 ns  ; s1[2]                         ; p4led    ; GCKP43     ;
; N/A   ; None         ; 20.300 ns  ; s1[2]                         ; p6s10to0 ; GCKP43     ;
; N/A   ; None         ; 14.000 ns  ; lpm_counter:m0_rtl_1|dffs[3]  ; p8ckm    ; GCKP43     ;
; N/A   ; None         ; 14.000 ns  ; lpm_counter:m0_rtl_1|dffs[2]  ; p8ckm    ; GCKP43     ;
; N/A   ; None         ; 13.800 ns  ; clock                         ; p8ckm    ; GCKP43     ;
; N/A   ; None         ; 13.800 ns  ; clock                         ; p4led    ; GCKP43     ;
+-------+--------------+------------+-------------------------------+----------+------------+


+-----------------------------------------------------------------+
; tpd                                                             ;
+-------+-------------------+-----------------+--------+----------+
; Slack ; Required P2P Time ; Actual P2P Time ; From   ; To       ;
+-------+-------------------+-----------------+--------+----------+
; N/A   ; None              ; 10.000 ns       ; p7ckm  ; p8ckm    ;
; N/A   ; None              ; 10.000 ns       ; GCKP43 ; p8ckm    ;
; N/A   ; None              ; 10.000 ns       ; p7ckm  ; p6s10to0 ;
+-------+-------------------+-----------------+--------+----------+


+-----------------------------------------------------------------------+
; th                                                                    ;
+---------------+-------------+-----------+----------+-------+----------+
; Minimum Slack ; Required th ; Actual th ; From     ; To    ; To Clock ;
+---------------+-------------+-----------+----------+-------+----------+
; N/A           ; None        ; -2.000 ns ; p22clock ; clock ; GCKP43   ;
+---------------+-------------+-----------+----------+-------+----------+


+--------------------------+
; Timing Analyzer Messages ;
+--------------------------+
Info: *******************************************************************
Info: Running Quartus II Classic Timing Analyzer
    Info: Version 9.1 Build 350 03/24/2010 Service Pack 2 SJ Web Edition
    Info: Processing started: Wed Aug 08 15:37:01 2018
Info: Command: quartus_tan --read_settings_files=off --write_settings_files=off Nox3_practice -c Nox3_practice
Info: Started post-fitting delay annotation
Info: Delay annotation completed successfully
Warning: Timing Analysis does not support the analysis of latches as synchronous elements for the currently selected device family
Warning: Found pins functioning as undefined clocks and/or memory enables
    Info: Assuming node "GCKP43" is an undefined clock
Warning: Found 6 node(s) in clock paths which may be acting as ripple and/or gated clocks -- node(s) analyzed as buffer(s) resulting in clock skew
    Info: Detected gated clock "ckhh~8bal" as buffer
    Info: Detected ripple clock "clock" as buffer
    Info: Detected ripple clock "s2[2]" as buffer
    Info: Detected ripple clock "s1[2]" as buffer
    Info: Detected ripple clock "lpm_counter:f_rtl_2|dffs[13]" as buffer
    Info: Detected ripple clock "ckh[4]" as buffer
Info: Clock "GCKP43" has Internal fmax of 59.88 MHz between source register "lpm_counter:h0s_rtl_0|dffs[0]" and destination register "lpm_counter:h0s_rtl_0|dffs[1]" (period= 16.7 ns)
    Info: + Longest register to register delay is 5.700 ns
        Info: 1: + IC(0.000 ns) + CELL(0.000 ns) = 0.000 ns; Loc. = LC17; Fanout = 12; REG Node = 'lpm_counter:h0s_rtl_0|dffs[0]'
        Info: 2: + IC(2.500 ns) + CELL(3.200 ns) = 5.700 ns; Loc. = LC19; Fanout = 12; REG Node = 'lpm_counter:h0s_rtl_0|dffs[1]'
        Info: Total cell delay = 3.200 ns ( 56.14 % )
        Info: Total interconnect delay = 2.500 ns ( 43.86 % )
    Info: - Smallest clock skew is -6.500 ns
        Info: + Shortest clock path from clock "GCKP43" to destination register is 17.000 ns
            Info: 1: + IC(0.000 ns) + CELL(2.300 ns) = 2.300 ns; Loc. = PIN_43; Fanout = 26; CLK Node = 'GCKP43'
            Info: 2: + IC(0.000 ns) + CELL(2.900 ns) = 5.200 ns; Loc. = LC35; Fanout = 5; REG Node = 'clock'
            Info: 3: + IC(2.300 ns) + CELL(4.500 ns) = 12.000 ns; Loc. = LC34; Fanout = 6; COMB Node = 'ckhh~8bal'
            Info: 4: + IC(2.500 ns) + CELL(2.500 ns) = 17.000 ns; Loc. = LC19; Fanout = 12; REG Node = 'lpm_counter:h0s_rtl_0|dffs[1]'
            Info: Total cell delay = 12.200 ns ( 71.76 % )
            Info: Total interconnect delay = 4.800 ns ( 28.24 % )
        Info: - Longest clock path from clock "GCKP43" to source register is 23.500 ns
            Info: 1: + IC(0.000 ns) + CELL(2.300 ns) = 2.300 ns; Loc. = PIN_43; Fanout = 26; CLK Node = 'GCKP43'
            Info: 2: + IC(0.000 ns) + CELL(2.900 ns) = 5.200 ns; Loc. = LC4; Fanout = 12; REG Node = 'lpm_counter:f_rtl_2|dffs[13]'
            Info: 3: + IC(2.400 ns) + CELL(4.100 ns) = 11.700 ns; Loc. = LC45; Fanout = 15; REG Node = 's1[2]'
            Info: 4: + IC(2.300 ns) + CELL(4.500 ns) = 18.500 ns; Loc. = LC34; Fanout = 6; COMB Node = 'ckhh~8bal'
            Info: 5: + IC(2.500 ns) + CELL(2.500 ns) = 23.500 ns; Loc. = LC17; Fanout = 12; REG Node = 'lpm_counter:h0s_rtl_0|dffs[0]'
            Info: Total cell delay = 16.300 ns ( 69.36 % )
            Info: Total interconnect delay = 7.200 ns ( 30.64 % )
    Info: + Micro clock to output delay of source is 1.600 ns
    Info: + Micro setup delay of destination is 2.900 ns
Warning: Circuit may not operate. Detected 28 non-operational path(s) clocked by clock "GCKP43" with clock skew larger than data delay. See Compilation Report for details.
Info: Found hold time violation between source  pin or register "lpm_counter:h0s_rtl_0|dffs[0]" and destination pin or register "lpm_counter:h0s_rtl_0|dffs[0]" for clock "GCKP43" (Hold time is 700 ps)
    Info: + Largest clock skew is 6.500 ns
        Info: + Longest clock path from clock "GCKP43" to destination register is 23.500 ns
            Info: 1: + IC(0.000 ns) + CELL(2.300 ns) = 2.300 ns; Loc. = PIN_43; Fanout = 26; CLK Node = 'GCKP43'
            Info: 2: + IC(0.000 ns) + CELL(2.900 ns) = 5.200 ns; Loc. = LC4; Fanout = 12; REG Node = 'lpm_counter:f_rtl_2|dffs[13]'
            Info: 3: + IC(2.400 ns) + CELL(4.100 ns) = 11.700 ns; Loc. = LC45; Fanout = 15; REG Node = 's1[2]'
            Info: 4: + IC(2.300 ns) + CELL(4.500 ns) = 18.500 ns; Loc. = LC34; Fanout = 6; COMB Node = 'ckhh~8bal'
            Info: 5: + IC(2.500 ns) + CELL(2.500 ns) = 23.500 ns; Loc. = LC17; Fanout = 12; REG Node = 'lpm_counter:h0s_rtl_0|dffs[0]'
            Info: Total cell delay = 16.300 ns ( 69.36 % )
            Info: Total interconnect delay = 7.200 ns ( 30.64 % )
        Info: - Shortest clock path from clock "GCKP43" to source register is 17.000 ns
            Info: 1: + IC(0.000 ns) + CELL(2.300 ns) = 2.300 ns; Loc. = PIN_43; Fanout = 26; CLK Node = 'GCKP43'
            Info: 2: + IC(0.000 ns) + CELL(2.900 ns) = 5.200 ns; Loc. = LC35; Fanout = 5; REG Node = 'clock'
            Info: 3: + IC(2.300 ns) + CELL(4.500 ns) = 12.000 ns; Loc. = LC34; Fanout = 6; COMB Node = 'ckhh~8bal'
            Info: 4: + IC(2.500 ns) + CELL(2.500 ns) = 17.000 ns; Loc. = LC17; Fanout = 12; REG Node = 'lpm_counter:h0s_rtl_0|dffs[0]'
            Info: Total cell delay = 12.200 ns ( 71.76 % )
            Info: Total interconnect delay = 4.800 ns ( 28.24 % )
    Info: - Micro clock to output delay of source is 1.600 ns
    Info: - Shortest register to register delay is 5.500 ns
        Info: 1: + IC(0.000 ns) + CELL(0.000 ns) = 0.000 ns; Loc. = LC17; Fanout = 12; REG Node = 'lpm_counter:h0s_rtl_0|dffs[0]'
        Info: 2: + IC(0.000 ns) + CELL(5.500 ns) = 5.500 ns; Loc. = LC17; Fanout = 12; REG Node = 'lpm_counter:h0s_rtl_0|dffs[0]'
        Info: Total cell delay = 5.500 ns ( 100.00 % )
    Info: + Micro hold delay of destination is 1.300 ns
Info: tsu for register "clock" (data pin = "p22clock", clock pin = "GCKP43") is 6.200 ns
    Info: + Longest pin to register delay is 6.900 ns
        Info: 1: + IC(0.000 ns) + CELL(1.400 ns) = 1.400 ns; Loc. = PIN_9; Fanout = 2; PIN Node = 'p22clock'
        Info: 2: + IC(2.300 ns) + CELL(3.200 ns) = 6.900 ns; Loc. = LC35; Fanout = 5; REG Node = 'clock'
        Info: Total cell delay = 4.600 ns ( 66.67 % )
        Info: Total interconnect delay = 2.300 ns ( 33.33 % )
    Info: + Micro setup delay of destination is 2.900 ns
    Info: - Shortest clock path from clock "GCKP43" to destination register is 3.600 ns
        Info: 1: + IC(0.000 ns) + CELL(2.300 ns) = 2.300 ns; Loc. = PIN_43; Fanout = 26; CLK Node = 'GCKP43'
        Info: 2: + IC(0.000 ns) + CELL(1.300 ns) = 3.600 ns; Loc. = LC35; Fanout = 5; REG Node = 'clock'
        Info: Total cell delay = 3.600 ns ( 100.00 % )
Info: tco from clock "GCKP43" to destination pin "h10o[0]" through register "h10s[0]" is 26.900 ns
    Info: + Longest clock path from clock "GCKP43" to source register is 23.500 ns
        Info: 1: + IC(0.000 ns) + CELL(2.300 ns) = 2.300 ns; Loc. = PIN_43; Fanout = 26; CLK Node = 'GCKP43'
        Info: 2: + IC(0.000 ns) + CELL(2.900 ns) = 5.200 ns; Loc. = LC4; Fanout = 12; REG Node = 'lpm_counter:f_rtl_2|dffs[13]'
        Info: 3: + IC(2.400 ns) + CELL(4.100 ns) = 11.700 ns; Loc. = LC45; Fanout = 15; REG Node = 's1[2]'
        Info: 4: + IC(2.300 ns) + CELL(4.500 ns) = 18.500 ns; Loc. = LC34; Fanout = 6; COMB Node = 'ckhh~8bal'
        Info: 5: + IC(2.500 ns) + CELL(2.500 ns) = 23.500 ns; Loc. = LC49; Fanout = 4; REG Node = 'h10s[0]'
        Info: Total cell delay = 16.300 ns ( 69.36 % )
        Info: Total interconnect delay = 7.200 ns ( 30.64 % )
    Info: + Micro clock to output delay of source is 1.600 ns
    Info: + Longest register to pin delay is 1.800 ns
        Info: 1: + IC(0.000 ns) + CELL(0.000 ns) = 0.000 ns; Loc. = LC49; Fanout = 4; REG Node = 'h10s[0]'
        Info: 2: + IC(0.000 ns) + CELL(1.800 ns) = 1.800 ns; Loc. = PIN_33; Fanout = 0; PIN Node = 'h10o[0]'
        Info: Total cell delay = 1.800 ns ( 100.00 % )
Info: Longest tpd from source pin "p7ckm" to destination pin "p8ckm" is 10.000 ns
    Info: 1: + IC(0.000 ns) + CELL(1.400 ns) = 1.400 ns; Loc. = PIN_25; Fanout = 3; PIN Node = 'p7ckm'
    Info: 2: + IC(2.300 ns) + CELL(4.500 ns) = 8.200 ns; Loc. = LC33; Fanout = 1; COMB Node = 'p8ckm~11'
    Info: 3: + IC(0.000 ns) + CELL(1.800 ns) = 10.000 ns; Loc. = PIN_24; Fanout = 0; PIN Node = 'p8ckm'
    Info: Total cell delay = 7.700 ns ( 77.00 % )
    Info: Total interconnect delay = 2.300 ns ( 23.00 % )
Info: th for register "clock" (data pin = "p22clock", clock pin = "GCKP43") is -2.000 ns
    Info: + Longest clock path from clock "GCKP43" to destination register is 3.600 ns
        Info: 1: + IC(0.000 ns) + CELL(2.300 ns) = 2.300 ns; Loc. = PIN_43; Fanout = 26; CLK Node = 'GCKP43'
        Info: 2: + IC(0.000 ns) + CELL(1.300 ns) = 3.600 ns; Loc. = LC35; Fanout = 5; REG Node = 'clock'
        Info: Total cell delay = 3.600 ns ( 100.00 % )
    Info: + Micro hold delay of destination is 1.300 ns
    Info: - Shortest pin to register delay is 6.900 ns
        Info: 1: + IC(0.000 ns) + CELL(1.400 ns) = 1.400 ns; Loc. = PIN_9; Fanout = 2; PIN Node = 'p22clock'
        Info: 2: + IC(2.300 ns) + CELL(3.200 ns) = 6.900 ns; Loc. = LC35; Fanout = 5; REG Node = 'clock'
        Info: Total cell delay = 4.600 ns ( 66.67 % )
        Info: Total interconnect delay = 2.300 ns ( 33.33 % )
Info: Quartus II Classic Timing Analyzer was successful. 0 errors, 4 warnings
    Info: Peak virtual memory: 200 megabytes
    Info: Processing ended: Wed Aug 08 15:37:01 2018
    Info: Elapsed time: 00:00:00
    Info: Total CPU time (on all processors): 00:00:00


