Fitter report for Nox3
Mon Apr 30 10:15:43 2018
Quartus II Version 9.1 Build 350 03/24/2010 Service Pack 2 SJ Web Edition


---------------------
; Table of Contents ;
---------------------
  1. Legal Notice
  2. Fitter Summary
  3. Fitter Settings
  4. Parallel Compilation
  5. Pin-Out File
  6. Fitter Resource Usage Summary
  7. Input Pins
  8. Output Pins
  9. All Package Pins
 10. I/O Standard
 11. Dedicated Inputs I/O
 12. Output Pin Default Load For Reported TCO
 13. Fitter Resource Utilization by Entity
 14. Control Signals
 15. Global & Other Fast Signals
 16. Non-Global High Fan-Out Signals
 17. Interconnect Usage Summary
 18. LAB Macrocells
 19. Shareable Expander
 20. Logic Cell Interconnection
 21. Fitter Device Options
 22. Fitter Messages



----------------
; Legal Notice ;
----------------
Copyright (C) 1991-2010 Altera Corporation
Your use of Altera Corporation's design tools, logic functions 
and other software and tools, and its AMPP partner logic 
functions, and any output files from any of the foregoing 
(including device programming or simulation files), and any 
associated documentation or information are expressly subject 
to the terms and conditions of the Altera Program License 
Subscription Agreement, Altera MegaCore Function License 
Agreement, or other applicable license agreement, including, 
without limitation, that your use is for the sole purpose of 
programming logic devices manufactured by Altera and sold by 
Altera or its authorized distributors.  Please refer to the 
applicable agreement for further details.



+----------------------------------------------------------------------+
; Fitter Summary                                                       ;
+-----------------------+----------------------------------------------+
; Fitter Status         ; Successful - Mon Apr 30 10:15:43 2018        ;
; Quartus II Version    ; 9.1 Build 350 03/24/2010 SP 2 SJ Web Edition ;
; Revision Name         ; Nox3                                         ;
; Top-level Entity Name ; NoX3                                         ;
; Family                ; MAX3000A                                     ;
; Device                ; EPM3064ALC44-10                              ;
; Timing Models         ; Final                                        ;
; Total macrocells      ; 44 / 64 ( 69 % )                             ;
; Total pins            ; 20 / 34 ( 59 % )                             ;
+-----------------------+----------------------------------------------+


+--------------------------------------------------------------------------------------------------------------+
; Fitter Settings                                                                                              ;
+----------------------------------------------------------------------------+-----------------+---------------+
; Option                                                                     ; Setting         ; Default Value ;
+----------------------------------------------------------------------------+-----------------+---------------+
; Device                                                                     ; EPM3064ALC44-10 ;               ;
; Use smart compilation                                                      ; Off             ; Off           ;
; Enable parallel Assembler and TimeQuest Timing Analyzer during compilation ; On              ; On            ;
; Enable compact report table                                                ; Off             ; Off           ;
; Use TimeQuest Timing Analyzer                                              ; Off             ; Off           ;
; Optimize Timing for ECOs                                                   ; Off             ; Off           ;
; Regenerate full fit report during ECO compiles                             ; Off             ; Off           ;
; Optimize IOC Register Placement for Timing                                 ; On              ; On            ;
; Limit to One Fitting Attempt                                               ; Off             ; Off           ;
; Fitter Initial Placement Seed                                              ; 1               ; 1             ;
; Slow Slew Rate                                                             ; Off             ; Off           ;
; Fitter Effort                                                              ; Auto Fit        ; Auto Fit      ;
; Force Fitter to Avoid Periphery Placement Warnings                         ; Off             ; Off           ;
; Use Best Effort Settings for Compilation                                   ; Off             ; Off           ;
+----------------------------------------------------------------------------+-----------------+---------------+


Parallel compilation was disabled, but you have multiple processors available. Enable parallel compilation to reduce compilation time.
+-------------------------------------+
; Parallel Compilation                ;
+----------------------------+--------+
; Processors                 ; Number ;
+----------------------------+--------+
; Number detected on machine ; 4      ;
; Maximum allowed            ; 1      ;
+----------------------------+--------+


+--------------+
; Pin-Out File ;
+--------------+
The pin-out file can be found in D:/數位電子乙級/程式/Nox3/Nox3.pin.


+-----------------------------------------------------------------+
; Fitter Resource Usage Summary                                   ;
+-----------------------------------+-----------------------------+
; Resource                          ; Usage                       ;
+-----------------------------------+-----------------------------+
; Logic cells                       ; 44 / 64 ( 69 % )            ;
; Registers                         ; 40 / 64 ( 63 % )            ;
; Number of pterms used             ; 92                          ;
; User inserted logic elements      ; 0                           ;
; I/O pins                          ; 20 / 34 ( 59 % )            ;
;     -- Clock pins                 ; 1 / 2 ( 50 % )              ;
;     -- Dedicated input pins       ; 0 / 2 ( 0 % )               ;
; Global signals                    ; 1                           ;
; Shareable expanders               ; 2 / 64 ( 3 % )              ;
; Parallel expanders                ; 0 / 60 ( 0 % )              ;
; Cells using turbo bit             ; 44 / 64 ( 69 % )            ;
; Maximum fan-out node              ; GCKP43                      ;
; Maximum fan-out                   ; 26                          ;
; Highest non-global fan-out signal ; lpm_counter:F_rtl_2|dffs[0] ;
; Highest non-global fan-out        ; 15                          ;
; Total fan-out                     ; 286                         ;
; Average fan-out                   ; 4.33                        ;
+-----------------------------------+-----------------------------+


+-------------------------------------------------------------------------------------------------------------------------------+
; Input Pins                                                                                                                    ;
+----------+-------+----------+-----+-----------------------+--------------------+--------+--------------+----------------------+
; Name     ; Pin # ; I/O Bank ; LAB ; Combinational Fan-Out ; Registered Fan-Out ; Global ; I/O Standard ; Location assigned by ;
+----------+-------+----------+-----+-----------------------+--------------------+--------+--------------+----------------------+
; GCKP43   ; 43    ; --       ; --  ; 26                    ; 0                  ; yes    ; 3.3-V LVTTL  ; User                 ;
; P19CKH   ; 14    ; --       ; 2   ; 4                     ; 0                  ; no     ; 3.3-V LVTTL  ; User                 ;
; P20S1    ; 12    ; --       ; 1   ; 3                     ; 0                  ; no     ; 3.3-V LVTTL  ; User                 ;
; P21S2    ; 11    ; --       ; 1   ; 1                     ; 0                  ; no     ; 3.3-V LVTTL  ; User                 ;
; P22CLOCK ; 9     ; --       ; 1   ; 1                     ; 0                  ; no     ; 3.3-V LVTTL  ; User                 ;
; P5S3     ; 27    ; --       ; 3   ; 1                     ; 0                  ; no     ; 3.3-V LVTTL  ; User                 ;
; P7CKM    ; 25    ; --       ; 3   ; 2                     ; 0                  ; no     ; 3.3-V LVTTL  ; User                 ;
+----------+-------+----------+-----+-----------------------+--------------------+--------+--------------+----------------------+


+----------------------------------------------------------------------------------------------------------------------------------------------------------------------------------------------+
; Output Pins                                                                                                                                                                                  ;
+----------+-------+----------+-----+-----------------+----------------+------------+---------------+--------------+----------------------+-------+----------------------+---------------------+
; Name     ; Pin # ; I/O Bank ; LAB ; Output Register ; Slow Slew Rate ; Open Drain ; TRI Primitive ; I/O Standard ; Location assigned by ; Load  ; Output Enable Source ; Output Enable Group ;
+----------+-------+----------+-----+-----------------+----------------+------------+---------------+--------------+----------------------+-------+----------------------+---------------------+
; H0o[0]   ; 21    ; --       ; 2   ; no              ; no             ; no         ; no            ; 3.3-V LVTTL  ; User                 ; 10 pF ; -                    ; -                   ;
; H0o[1]   ; 20    ; --       ; 2   ; no              ; no             ; no         ; no            ; 3.3-V LVTTL  ; User                 ; 10 pF ; -                    ; -                   ;
; H0o[2]   ; 19    ; --       ; 2   ; no              ; no             ; no         ; no            ; 3.3-V LVTTL  ; User                 ; 10 pF ; -                    ; -                   ;
; H0o[3]   ; 18    ; --       ; 2   ; no              ; no             ; no         ; no            ; 3.3-V LVTTL  ; User                 ; 10 pF ; -                    ; -                   ;
; H10o[0]  ; 33    ; --       ; 4   ; no              ; no             ; no         ; no            ; 3.3-V LVTTL  ; User                 ; 10 pF ; -                    ; -                   ;
; H10o[1]  ; 31    ; --       ; 3   ; no              ; no             ; no         ; no            ; 3.3-V LVTTL  ; User                 ; 10 pF ; -                    ; -                   ;
; P4LED    ; 28    ; --       ; 3   ; no              ; no             ; no         ; no            ; 3.3-V LVTTL  ; User                 ; 10 pF ; -                    ; -                   ;
; P6S10To0 ; 26    ; --       ; 3   ; no              ; no             ; no         ; no            ; 3.3-V LVTTL  ; User                 ; 10 pF ; -                    ; -                   ;
; P8CKM    ; 24    ; --       ; 3   ; no              ; no             ; no         ; no            ; 3.3-V LVTTL  ; User                 ; 10 pF ; -                    ; -                   ;
+----------+-------+----------+-----+-----------------+----------------+------------+---------------+--------------+----------------------+-------+----------------------+---------------------+


+-------------------------------------------------------------------------------------------------------+
; All Package Pins                                                                                      ;
+----------+------------+----------+----------------+--------+--------------+---------+-----------------+
; Location ; Pad Number ; I/O Bank ; Pin Name/Usage ; Dir.   ; I/O Standard ; Voltage ; User Assignment ;
+----------+------------+----------+----------------+--------+--------------+---------+-----------------+
; 1        ; 0          ; --       ; GND+           ;        ;              ;         ;                 ;
; 2        ; 1          ; --       ; GND+           ;        ;              ;         ;                 ;
; 3        ; 2          ; --       ; VCCINT         ; power  ;              ; 3.3V    ;                 ;
; 4        ; 3          ; --       ; RESERVED       ;        ;              ;         ;                 ;
; 5        ; 4          ; --       ; RESERVED       ;        ;              ;         ;                 ;
; 6        ; 5          ; --       ; RESERVED       ;        ;              ;         ;                 ;
; 7        ; 6          ; --       ; TDI            ; input  ; 3.3-V LVTTL  ;         ; N               ;
; 8        ; 7          ; --       ; RESERVED       ;        ;              ;         ;                 ;
; 9        ; 8          ; --       ; P22CLOCK       ; input  ; 3.3-V LVTTL  ;         ; Y               ;
; 10       ; 9          ; --       ; GND            ; gnd    ;              ;         ;                 ;
; 11       ; 10         ; --       ; P21S2          ; input  ; 3.3-V LVTTL  ;         ; Y               ;
; 12       ; 11         ; --       ; P20S1          ; input  ; 3.3-V LVTTL  ;         ; Y               ;
; 13       ; 12         ; --       ; TMS            ; input  ; 3.3-V LVTTL  ;         ; N               ;
; 14       ; 13         ; --       ; P19CKH         ; input  ; 3.3-V LVTTL  ;         ; Y               ;
; 15       ; 14         ; --       ; VCCIO          ; power  ;              ; 3.3V    ;                 ;
; 16       ; 15         ; --       ; RESERVED       ;        ;              ;         ;                 ;
; 17       ; 16         ; --       ; GND            ; gnd    ;              ;         ;                 ;
; 18       ; 17         ; --       ; H0o[3]         ; output ; 3.3-V LVTTL  ;         ; Y               ;
; 19       ; 18         ; --       ; H0o[2]         ; output ; 3.3-V LVTTL  ;         ; Y               ;
; 20       ; 19         ; --       ; H0o[1]         ; output ; 3.3-V LVTTL  ;         ; Y               ;
; 21       ; 20         ; --       ; H0o[0]         ; output ; 3.3-V LVTTL  ;         ; Y               ;
; 22       ; 21         ; --       ; GND            ; gnd    ;              ;         ;                 ;
; 23       ; 22         ; --       ; VCCINT         ; power  ;              ; 3.3V    ;                 ;
; 24       ; 23         ; --       ; P8CKM          ; output ; 3.3-V LVTTL  ;         ; Y               ;
; 25       ; 24         ; --       ; P7CKM          ; input  ; 3.3-V LVTTL  ;         ; Y               ;
; 26       ; 25         ; --       ; P6S10To0       ; output ; 3.3-V LVTTL  ;         ; Y               ;
; 27       ; 26         ; --       ; P5S3           ; input  ; 3.3-V LVTTL  ;         ; Y               ;
; 28       ; 27         ; --       ; P4LED          ; output ; 3.3-V LVTTL  ;         ; Y               ;
; 29       ; 28         ; --       ; RESERVED       ;        ;              ;         ;                 ;
; 30       ; 29         ; --       ; GND            ; gnd    ;              ;         ;                 ;
; 31       ; 30         ; --       ; H10o[1]        ; output ; 3.3-V LVTTL  ;         ; Y               ;
; 32       ; 31         ; --       ; TCK            ; input  ; 3.3-V LVTTL  ;         ; N               ;
; 33       ; 32         ; --       ; H10o[0]        ; output ; 3.3-V LVTTL  ;         ; Y               ;
; 34       ; 33         ; --       ; RESERVED       ;        ;              ;         ;                 ;
; 35       ; 34         ; --       ; VCCIO          ; power  ;              ; 3.3V    ;                 ;
; 36       ; 35         ; --       ; GND            ; gnd    ;              ;         ;                 ;
; 37       ; 36         ; --       ; RESERVED       ;        ;              ;         ;                 ;
; 38       ; 37         ; --       ; TDO            ; output ; 3.3-V LVTTL  ;         ; N               ;
; 39       ; 38         ; --       ; RESERVED       ;        ;              ;         ;                 ;
; 40       ; 39         ; --       ; RESERVED       ;        ;              ;         ;                 ;
; 41       ; 40         ; --       ; RESERVED       ;        ;              ;         ;                 ;
; 42       ; 41         ; --       ; GND            ; gnd    ;              ;         ;                 ;
; 43       ; 42         ; --       ; GCKP43         ; input  ; 3.3-V LVTTL  ;         ; Y               ;
; 44       ; 43         ; --       ; GND+           ;        ;              ;         ;                 ;
+----------+------------+----------+----------------+--------+--------------+---------+-----------------+
Note: Pin directions (input, output or bidir) are based on device operating in user mode.


+--------------------------------------------------------------------------------------------------+
; I/O Standard                                                                                     ;
+--------------+------------+----------------------+-------------------+-------------------+-------+
; I/O Standard ; Input Vref ; Dedicated Input Pins ; Pins in I/O Bank1 ; Pins in I/O Bank2 ; Total ;
+--------------+------------+----------------------+-------------------+-------------------+-------+
; 3.3-V LVTTL  ; -          ; 1                    ; 0                 ; 0                 ; 1     ;
+--------------+------------+----------------------+-------------------+-------------------+-------+


+----------------------------------------------------------------------+
; Dedicated Inputs I/O                                                 ;
+--------+-------+-------+-------+--------------+------------+---------+
; Name   ; Pin # ; Type  ; VCCIO ; I/O Standard ; Input Vref ; Current ;
+--------+-------+-------+-------+--------------+------------+---------+
; GCKP43 ; 43    ; Input ; --    ; 3.3-V LVTTL  ; -          ; 0 mA    ;
+--------+-------+-------+-------+--------------+------------+---------+


+-----------------------------------------------+
; Output Pin Default Load For Reported TCO      ;
+--------------+-------+------------------------+
; I/O Standard ; Load  ; Termination Resistance ;
+--------------+-------+------------------------+
; 3.3-V LVTTL  ; 10 pF ; Not Available          ;
; 3.3-V LVCMOS ; 10 pF ; Not Available          ;
; 3.3-V PCI    ; 10 pF ; 25 Ohm (Parallel)      ;
; 2.5 V        ; 10 pF ; Not Available          ;
+--------------+-------+------------------------+
Note: User assignments will override these defaults. The user specified values are listed in the Output Pins and Bidir Pins tables.


+---------------------------------------------------------------------------------------------+
; Fitter Resource Utilization by Entity                                                       ;
+----------------------------+------------+------+-----------------------------+--------------+
; Compilation Hierarchy Node ; Macrocells ; Pins ; Full Hierarchy Name         ; Library Name ;
+----------------------------+------------+------+-----------------------------+--------------+
; |NoX3                      ; 44         ; 20   ; |NoX3                       ; work         ;
;    |lpm_counter:F_rtl_2|   ; 16         ; 0    ; |NoX3|lpm_counter:F_rtl_2   ; work         ;
;    |lpm_counter:H0S_rtl_0| ; 4          ; 0    ; |NoX3|lpm_counter:H0S_rtl_0 ; work         ;
;    |lpm_counter:M0_rtl_1|  ; 4          ; 0    ; |NoX3|lpm_counter:M0_rtl_1  ; work         ;
+----------------------------+------------+------+-----------------------------+--------------+


+-----------------------------------------------------------------------------------------------------------------------------------+
; Control Signals                                                                                                                   ;
+------------------------------+----------+---------+----------------------------+--------+----------------------+------------------+
; Name                         ; Location ; Fan-Out ; Usage                      ; Global ; Global Resource Used ; Global Line Name ;
+------------------------------+----------+---------+----------------------------+--------+----------------------+------------------+
; CKHH~8bal                    ; LC34     ; 6       ; Clock                      ; no     ; --                   ; --               ;
; CKH[1]                       ; LC25     ; 1       ; Async. clear               ; no     ; --                   ; --               ;
; CKH[2]                       ; LC26     ; 1       ; Async. clear               ; no     ; --                   ; --               ;
; CKH[3]                       ; LC28     ; 1       ; Async. clear               ; no     ; --                   ; --               ;
; GCKP43                       ; PIN_43   ; 26      ; Clock                      ; yes    ; On                   ; --               ;
; P19CKH                       ; PIN_14   ; 4       ; Async. clear               ; no     ; --                   ; --               ;
; P20S1                        ; PIN_12   ; 3       ; Async. clear               ; no     ; --                   ; --               ;
; lpm_counter:F_rtl_2|dffs[13] ; LC4      ; 11      ; Clock                      ; no     ; --                   ; --               ;
; lpm_counter:M0_rtl_1|dffs[2] ; LC31     ; 12      ; Async. clear, Clock enable ; no     ; --                   ; --               ;
; lpm_counter:M0_rtl_1|dffs[3] ; LC18     ; 12      ; Async. clear, Clock enable ; no     ; --                   ; --               ;
; process_0~10                 ; SEXP34   ; 3       ; Async. clear               ; no     ; --                   ; --               ;
; process_0~9                  ; SEXP35   ; 3       ; Async. clear               ; no     ; --                   ; --               ;
+------------------------------+----------+---------+----------------------------+--------+----------------------+------------------+


+-----------------------------------------------------------------------+
; Global & Other Fast Signals                                           ;
+--------+----------+---------+----------------------+------------------+
; Name   ; Location ; Fan-Out ; Global Resource Used ; Global Line Name ;
+--------+----------+---------+----------------------+------------------+
; GCKP43 ; PIN_43   ; 26      ; On                   ; --               ;
+--------+----------+---------+----------------------+------------------+


+-----------------------------------------+
; Non-Global High Fan-Out Signals         ;
+-------------------------------+---------+
; Name                          ; Fan-Out ;
+-------------------------------+---------+
; lpm_counter:F_rtl_2|dffs[0]   ; 15      ;
; lpm_counter:F_rtl_2|dffs[1]   ; 14      ;
; lpm_counter:F_rtl_2|dffs[2]   ; 13      ;
; lpm_counter:M0_rtl_1|dffs[3]  ; 12      ;
; lpm_counter:M0_rtl_1|dffs[2]  ; 12      ;
; lpm_counter:F_rtl_2|dffs[3]   ; 12      ;
; lpm_counter:F_rtl_2|dffs[13]  ; 11      ;
; lpm_counter:F_rtl_2|dffs[4]   ; 11      ;
; lpm_counter:F_rtl_2|dffs[5]   ; 10      ;
; S1[2]                         ; 9       ;
; lpm_counter:F_rtl_2|dffs[6]   ; 9       ;
; lpm_counter:F_rtl_2|dffs[7]   ; 8       ;
; lpm_counter:F_rtl_2|dffs[8]   ; 7       ;
; CKHH~8bal                     ; 6       ;
; H10S[1]                       ; 6       ;
; lpm_counter:H0S_rtl_0|dffs[3] ; 6       ;
; lpm_counter:H0S_rtl_0|dffs[2] ; 6       ;
; lpm_counter:H0S_rtl_0|dffs[1] ; 6       ;
; lpm_counter:H0S_rtl_0|dffs[0] ; 6       ;
; lpm_counter:F_rtl_2|dffs[9]   ; 6       ;
; lpm_counter:F_rtl_2|dffs[10]  ; 5       ;
; CKH[4]                        ; 5       ;
; P19CKH                        ; 4       ;
; CLOCK                         ; 4       ;
; S3[2]                         ; 4       ;
; S2[2]                         ; 4       ;
; lpm_counter:F_rtl_2|dffs[15]  ; 4       ;
; lpm_counter:F_rtl_2|dffs[11]  ; 4       ;
; P20S1                         ; 3       ;
; H10S[0]                       ; 3       ;
; lpm_counter:M0_rtl_1|dffs[0]  ; 3       ;
; process_0~10                  ; 3       ;
; process_0~9                   ; 3       ;
; lpm_counter:F_rtl_2|dffs[12]  ; 3       ;
; P7CKM                         ; 2       ;
; lpm_counter:M0_rtl_1|dffs[1]  ; 2       ;
; S3[0]                         ; 2       ;
; S2[0]                         ; 2       ;
; S1[0]                         ; 2       ;
; P5S3                          ; 1       ;
; P21S2                         ; 1       ;
; P22CLOCK                      ; 1       ;
; P8CKM~11                      ; 1       ;
; P4LED~2                       ; 1       ;
; S3[1]                         ; 1       ;
; S2[1]                         ; 1       ;
; P6S10To0~1                    ; 1       ;
; S1[1]                         ; 1       ;
; lpm_counter:F_rtl_2|dffs[14]  ; 1       ;
; CKH[3]                        ; 1       ;
+-------------------------------+---------+


+------------------------------------------------+
; Interconnect Usage Summary                     ;
+----------------------------+-------------------+
; Interconnect Resource Type ; Usage             ;
+----------------------------+-------------------+
; Output enables             ; 0 / 6 ( 0 % )     ;
; PIA buffers                ; 67 / 144 ( 47 % ) ;
+----------------------------+-------------------+


+-----------------------------------------------------------------------+
; LAB Macrocells                                                        ;
+-----------------------------------------+-----------------------------+
; Number of Macrocells  (Average = 11.00) ; Number of LABs  (Total = 4) ;
+-----------------------------------------+-----------------------------+
; 0                                       ; 0                           ;
; 1                                       ; 1                           ;
; 2                                       ; 0                           ;
; 3                                       ; 0                           ;
; 4                                       ; 0                           ;
; 5                                       ; 0                           ;
; 6                                       ; 0                           ;
; 7                                       ; 0                           ;
; 8                                       ; 0                           ;
; 9                                       ; 0                           ;
; 10                                      ; 0                           ;
; 11                                      ; 0                           ;
; 12                                      ; 1                           ;
; 13                                      ; 0                           ;
; 14                                      ; 0                           ;
; 15                                      ; 1                           ;
; 16                                      ; 1                           ;
+-----------------------------------------+-----------------------------+


+-------------------------------------------------------------------------------+
; Shareable Expander                                                            ;
+-------------------------------------------------+-----------------------------+
; Number of shareable expanders  (Average = 0.50) ; Number of LABs  (Total = 1) ;
+-------------------------------------------------+-----------------------------+
; 0                                               ; 3                           ;
; 1                                               ; 0                           ;
; 2                                               ; 1                           ;
+-------------------------------------------------+-----------------------------+


+---------------------------------------------------------------------------------------------------------------------------------------------------------------------------------------------------------------------------------------------------------------------------------------------------------------------------------------------------------------------------------------------------------------------------------------------------------------------------------------------------------------------------------------------------------------------------------------------------------------------------------------------------------------------------------------------------------------------------------------------------------------------------------------------------------------------------------------------------------------------------------------------------------------------------------------------+
; Logic Cell Interconnection                                                                                                                                                                                                                                                                                                                                                                                                                                                                                                                                                                                                                                                                                                                                                                                                                                                                                                                  ;
+-----+------------+----------------------------------------------------------------------------------------------------------------------------------------------------------------------------------------------------------------------------------------------------------------------------------------------------------------------------------------------------------------------------------------------------------------------------------------------------------------+---------------------------------------------------------------------------------------------------------------------------------------------------------------------------------------------------------------------------------------------------------------------------------------------------------------------------------------------------------------------------------------------------------------------------------------------------------+
; LAB ; Logic Cell ; Input                                                                                                                                                                                                                                                                                                                                                                                                                                                          ; Output                                                                                                                                                                                                                                                                                                                                                                                                                                                  ;
+-----+------------+----------------------------------------------------------------------------------------------------------------------------------------------------------------------------------------------------------------------------------------------------------------------------------------------------------------------------------------------------------------------------------------------------------------------------------------------------------------+---------------------------------------------------------------------------------------------------------------------------------------------------------------------------------------------------------------------------------------------------------------------------------------------------------------------------------------------------------------------------------------------------------------------------------------------------------+
;  A  ; LC8        ; GCKP43, lpm_counter:F_rtl_2|dffs[1], lpm_counter:F_rtl_2|dffs[0]                                                                                                                                                                                                                                                                                                                                                                                               ; lpm_counter:F_rtl_2|dffs[3], lpm_counter:F_rtl_2|dffs[4], lpm_counter:F_rtl_2|dffs[5], lpm_counter:F_rtl_2|dffs[6], lpm_counter:F_rtl_2|dffs[7], lpm_counter:F_rtl_2|dffs[8], lpm_counter:F_rtl_2|dffs[9], lpm_counter:F_rtl_2|dffs[10], lpm_counter:F_rtl_2|dffs[11], lpm_counter:F_rtl_2|dffs[12], lpm_counter:F_rtl_2|dffs[13], lpm_counter:F_rtl_2|dffs[14], lpm_counter:F_rtl_2|dffs[15]                                                           ;
;  A  ; LC1        ; GCKP43                                                                                                                                                                                                                                                                                                                                                                                                                                                         ; lpm_counter:F_rtl_2|dffs[1], lpm_counter:F_rtl_2|dffs[2], lpm_counter:F_rtl_2|dffs[3], lpm_counter:F_rtl_2|dffs[4], lpm_counter:F_rtl_2|dffs[5], lpm_counter:F_rtl_2|dffs[6], lpm_counter:F_rtl_2|dffs[7], lpm_counter:F_rtl_2|dffs[8], lpm_counter:F_rtl_2|dffs[9], lpm_counter:F_rtl_2|dffs[10], lpm_counter:F_rtl_2|dffs[11], lpm_counter:F_rtl_2|dffs[12], lpm_counter:F_rtl_2|dffs[13], lpm_counter:F_rtl_2|dffs[14], lpm_counter:F_rtl_2|dffs[15] ;
;  A  ; LC14       ; GCKP43, lpm_counter:F_rtl_2|dffs[1], lpm_counter:F_rtl_2|dffs[0], lpm_counter:F_rtl_2|dffs[2], lpm_counter:F_rtl_2|dffs[3], lpm_counter:F_rtl_2|dffs[4], lpm_counter:F_rtl_2|dffs[5], lpm_counter:F_rtl_2|dffs[6], lpm_counter:F_rtl_2|dffs[7], lpm_counter:F_rtl_2|dffs[8], lpm_counter:F_rtl_2|dffs[9], lpm_counter:F_rtl_2|dffs[10], lpm_counter:F_rtl_2|dffs[11]                                                                                           ; lpm_counter:F_rtl_2|dffs[13], lpm_counter:F_rtl_2|dffs[14], lpm_counter:F_rtl_2|dffs[15]                                                                                                                                                                                                                                                                                                                                                                ;
;  A  ; LC7        ; GCKP43, lpm_counter:F_rtl_2|dffs[0]                                                                                                                                                                                                                                                                                                                                                                                                                            ; lpm_counter:F_rtl_2|dffs[2], lpm_counter:F_rtl_2|dffs[3], lpm_counter:F_rtl_2|dffs[4], lpm_counter:F_rtl_2|dffs[5], lpm_counter:F_rtl_2|dffs[6], lpm_counter:F_rtl_2|dffs[7], lpm_counter:F_rtl_2|dffs[8], lpm_counter:F_rtl_2|dffs[9], lpm_counter:F_rtl_2|dffs[10], lpm_counter:F_rtl_2|dffs[11], lpm_counter:F_rtl_2|dffs[12], lpm_counter:F_rtl_2|dffs[13], lpm_counter:F_rtl_2|dffs[14], lpm_counter:F_rtl_2|dffs[15]                              ;
;  A  ; LC4        ; GCKP43, lpm_counter:F_rtl_2|dffs[1], lpm_counter:F_rtl_2|dffs[0], lpm_counter:F_rtl_2|dffs[2], lpm_counter:F_rtl_2|dffs[3], lpm_counter:F_rtl_2|dffs[4], lpm_counter:F_rtl_2|dffs[5], lpm_counter:F_rtl_2|dffs[6], lpm_counter:F_rtl_2|dffs[7], lpm_counter:F_rtl_2|dffs[8], lpm_counter:F_rtl_2|dffs[9], lpm_counter:F_rtl_2|dffs[10], lpm_counter:F_rtl_2|dffs[11], lpm_counter:F_rtl_2|dffs[12]                                                             ; S1[0], lpm_counter:F_rtl_2|dffs[14], S1[1], lpm_counter:F_rtl_2|dffs[15], S1[2], S2[0], S3[0], S2[1], S3[1], S2[2], S3[2]                                                                                                                                                                                                                                                                                                                               ;
;  A  ; LC12       ; GCKP43, lpm_counter:F_rtl_2|dffs[1], lpm_counter:F_rtl_2|dffs[0], lpm_counter:F_rtl_2|dffs[2], lpm_counter:F_rtl_2|dffs[3], lpm_counter:F_rtl_2|dffs[4], lpm_counter:F_rtl_2|dffs[5]                                                                                                                                                                                                                                                                           ; lpm_counter:F_rtl_2|dffs[7], lpm_counter:F_rtl_2|dffs[8], lpm_counter:F_rtl_2|dffs[9], lpm_counter:F_rtl_2|dffs[10], lpm_counter:F_rtl_2|dffs[11], lpm_counter:F_rtl_2|dffs[12], lpm_counter:F_rtl_2|dffs[13], lpm_counter:F_rtl_2|dffs[14], lpm_counter:F_rtl_2|dffs[15]                                                                                                                                                                               ;
;  A  ; LC13       ; GCKP43, lpm_counter:F_rtl_2|dffs[1], lpm_counter:F_rtl_2|dffs[0], lpm_counter:F_rtl_2|dffs[2], lpm_counter:F_rtl_2|dffs[3], lpm_counter:F_rtl_2|dffs[4], lpm_counter:F_rtl_2|dffs[5], lpm_counter:F_rtl_2|dffs[6], lpm_counter:F_rtl_2|dffs[7], lpm_counter:F_rtl_2|dffs[8], lpm_counter:F_rtl_2|dffs[9], lpm_counter:F_rtl_2|dffs[10], lpm_counter:F_rtl_2|dffs[11], lpm_counter:F_rtl_2|dffs[12], lpm_counter:F_rtl_2|dffs[13], lpm_counter:F_rtl_2|dffs[14] ; lpm_counter:M0_rtl_1|dffs[0], lpm_counter:M0_rtl_1|dffs[1], lpm_counter:M0_rtl_1|dffs[2], lpm_counter:M0_rtl_1|dffs[3]                                                                                                                                                                                                                                                                                                                                  ;
;  A  ; LC10       ; GCKP43, lpm_counter:F_rtl_2|dffs[1], lpm_counter:F_rtl_2|dffs[0], lpm_counter:F_rtl_2|dffs[2]                                                                                                                                                                                                                                                                                                                                                                  ; lpm_counter:F_rtl_2|dffs[4], lpm_counter:F_rtl_2|dffs[5], lpm_counter:F_rtl_2|dffs[6], lpm_counter:F_rtl_2|dffs[7], lpm_counter:F_rtl_2|dffs[8], lpm_counter:F_rtl_2|dffs[9], lpm_counter:F_rtl_2|dffs[10], lpm_counter:F_rtl_2|dffs[11], lpm_counter:F_rtl_2|dffs[12], lpm_counter:F_rtl_2|dffs[13], lpm_counter:F_rtl_2|dffs[14], lpm_counter:F_rtl_2|dffs[15]                                                                                        ;
;  A  ; LC16       ; GCKP43, lpm_counter:F_rtl_2|dffs[1], lpm_counter:F_rtl_2|dffs[0], lpm_counter:F_rtl_2|dffs[2], lpm_counter:F_rtl_2|dffs[3]                                                                                                                                                                                                                                                                                                                                     ; lpm_counter:F_rtl_2|dffs[5], lpm_counter:F_rtl_2|dffs[6], lpm_counter:F_rtl_2|dffs[7], lpm_counter:F_rtl_2|dffs[8], lpm_counter:F_rtl_2|dffs[9], lpm_counter:F_rtl_2|dffs[10], lpm_counter:F_rtl_2|dffs[11], lpm_counter:F_rtl_2|dffs[12], lpm_counter:F_rtl_2|dffs[13], lpm_counter:F_rtl_2|dffs[14], lpm_counter:F_rtl_2|dffs[15]                                                                                                                     ;
;  A  ; LC11       ; GCKP43, lpm_counter:F_rtl_2|dffs[1], lpm_counter:F_rtl_2|dffs[0], lpm_counter:F_rtl_2|dffs[2], lpm_counter:F_rtl_2|dffs[3], lpm_counter:F_rtl_2|dffs[4]                                                                                                                                                                                                                                                                                                        ; lpm_counter:F_rtl_2|dffs[6], lpm_counter:F_rtl_2|dffs[7], lpm_counter:F_rtl_2|dffs[8], lpm_counter:F_rtl_2|dffs[9], lpm_counter:F_rtl_2|dffs[10], lpm_counter:F_rtl_2|dffs[11], lpm_counter:F_rtl_2|dffs[12], lpm_counter:F_rtl_2|dffs[13], lpm_counter:F_rtl_2|dffs[14], lpm_counter:F_rtl_2|dffs[15]                                                                                                                                                  ;
;  A  ; LC15       ; GCKP43, lpm_counter:F_rtl_2|dffs[1], lpm_counter:F_rtl_2|dffs[0], lpm_counter:F_rtl_2|dffs[2], lpm_counter:F_rtl_2|dffs[3], lpm_counter:F_rtl_2|dffs[4], lpm_counter:F_rtl_2|dffs[5], lpm_counter:F_rtl_2|dffs[6], lpm_counter:F_rtl_2|dffs[7], lpm_counter:F_rtl_2|dffs[8], lpm_counter:F_rtl_2|dffs[9], lpm_counter:F_rtl_2|dffs[10], lpm_counter:F_rtl_2|dffs[11], lpm_counter:F_rtl_2|dffs[12], lpm_counter:F_rtl_2|dffs[13]                               ; lpm_counter:F_rtl_2|dffs[15]                                                                                                                                                                                                                                                                                                                                                                                                                            ;
;  A  ; LC2        ; GCKP43, lpm_counter:F_rtl_2|dffs[1], lpm_counter:F_rtl_2|dffs[0], lpm_counter:F_rtl_2|dffs[2], lpm_counter:F_rtl_2|dffs[3], lpm_counter:F_rtl_2|dffs[4], lpm_counter:F_rtl_2|dffs[5], lpm_counter:F_rtl_2|dffs[6]                                                                                                                                                                                                                                              ; lpm_counter:F_rtl_2|dffs[8], lpm_counter:F_rtl_2|dffs[9], lpm_counter:F_rtl_2|dffs[10], lpm_counter:F_rtl_2|dffs[11], lpm_counter:F_rtl_2|dffs[12], lpm_counter:F_rtl_2|dffs[13], lpm_counter:F_rtl_2|dffs[14], lpm_counter:F_rtl_2|dffs[15]                                                                                                                                                                                                            ;
;  A  ; LC3        ; GCKP43, lpm_counter:F_rtl_2|dffs[1], lpm_counter:F_rtl_2|dffs[0], lpm_counter:F_rtl_2|dffs[2], lpm_counter:F_rtl_2|dffs[3], lpm_counter:F_rtl_2|dffs[4], lpm_counter:F_rtl_2|dffs[5], lpm_counter:F_rtl_2|dffs[6], lpm_counter:F_rtl_2|dffs[7]                                                                                                                                                                                                                 ; lpm_counter:F_rtl_2|dffs[9], lpm_counter:F_rtl_2|dffs[10], lpm_counter:F_rtl_2|dffs[11], lpm_counter:F_rtl_2|dffs[12], lpm_counter:F_rtl_2|dffs[13], lpm_counter:F_rtl_2|dffs[14], lpm_counter:F_rtl_2|dffs[15]                                                                                                                                                                                                                                         ;
;  A  ; LC5        ; GCKP43, lpm_counter:F_rtl_2|dffs[1], lpm_counter:F_rtl_2|dffs[0], lpm_counter:F_rtl_2|dffs[2], lpm_counter:F_rtl_2|dffs[3], lpm_counter:F_rtl_2|dffs[4], lpm_counter:F_rtl_2|dffs[5], lpm_counter:F_rtl_2|dffs[6], lpm_counter:F_rtl_2|dffs[7], lpm_counter:F_rtl_2|dffs[8]                                                                                                                                                                                    ; lpm_counter:F_rtl_2|dffs[10], lpm_counter:F_rtl_2|dffs[11], lpm_counter:F_rtl_2|dffs[12], lpm_counter:F_rtl_2|dffs[13], lpm_counter:F_rtl_2|dffs[14], lpm_counter:F_rtl_2|dffs[15]                                                                                                                                                                                                                                                                      ;
;  A  ; LC6        ; GCKP43, lpm_counter:F_rtl_2|dffs[1], lpm_counter:F_rtl_2|dffs[0], lpm_counter:F_rtl_2|dffs[2], lpm_counter:F_rtl_2|dffs[3], lpm_counter:F_rtl_2|dffs[4], lpm_counter:F_rtl_2|dffs[5], lpm_counter:F_rtl_2|dffs[6], lpm_counter:F_rtl_2|dffs[7], lpm_counter:F_rtl_2|dffs[8], lpm_counter:F_rtl_2|dffs[9]                                                                                                                                                       ; lpm_counter:F_rtl_2|dffs[11], lpm_counter:F_rtl_2|dffs[12], lpm_counter:F_rtl_2|dffs[13], lpm_counter:F_rtl_2|dffs[14], lpm_counter:F_rtl_2|dffs[15]                                                                                                                                                                                                                                                                                                    ;
;  A  ; LC9        ; GCKP43, lpm_counter:F_rtl_2|dffs[1], lpm_counter:F_rtl_2|dffs[0], lpm_counter:F_rtl_2|dffs[2], lpm_counter:F_rtl_2|dffs[3], lpm_counter:F_rtl_2|dffs[4], lpm_counter:F_rtl_2|dffs[5], lpm_counter:F_rtl_2|dffs[6], lpm_counter:F_rtl_2|dffs[7], lpm_counter:F_rtl_2|dffs[8], lpm_counter:F_rtl_2|dffs[9], lpm_counter:F_rtl_2|dffs[10]                                                                                                                         ; lpm_counter:F_rtl_2|dffs[12], lpm_counter:F_rtl_2|dffs[13], lpm_counter:F_rtl_2|dffs[14], lpm_counter:F_rtl_2|dffs[15]                                                                                                                                                                                                                                                                                                                                  ;
;  B  ; LC26       ; GCKP43, CKH[1], P19CKH                                                                                                                                                                                                                                                                                                                                                                                                                                         ; CKH[3]                                                                                                                                                                                                                                                                                                                                                                                                                                                  ;
;  B  ; LC28       ; GCKP43, CKH[2], P19CKH                                                                                                                                                                                                                                                                                                                                                                                                                                         ; CKH[4]                                                                                                                                                                                                                                                                                                                                                                                                                                                  ;
;  B  ; LC22       ; GCKP43, CKH[3], P19CKH                                                                                                                                                                                                                                                                                                                                                                                                                                         ; lpm_counter:M0_rtl_1|dffs[0], lpm_counter:M0_rtl_1|dffs[1], lpm_counter:M0_rtl_1|dffs[2], lpm_counter:M0_rtl_1|dffs[3], CKHH~8bal                                                                                                                                                                                                                                                                                                                       ;
;  B  ; LC25       ; GCKP43, P19CKH                                                                                                                                                                                                                                                                                                                                                                                                                                                 ; CKH[2]                                                                                                                                                                                                                                                                                                                                                                                                                                                  ;
;  B  ; LC20       ; H10S[1], lpm_counter:H0S_rtl_0|dffs[1], lpm_counter:H0S_rtl_0|dffs[0], lpm_counter:H0S_rtl_0|dffs[3], lpm_counter:H0S_rtl_0|dffs[2], CKHH~8bal, lpm_counter:M0_rtl_1|dffs[3], lpm_counter:M0_rtl_1|dffs[2]                                                                                                                                                                                                                                                     ; lpm_counter:H0S_rtl_0|dffs[1], lpm_counter:H0S_rtl_0|dffs[2], H0o[2], lpm_counter:H0S_rtl_0|dffs[3], H10S[1], H10S[0]                                                                                                                                                                                                                                                                                                                                   ;
;  B  ; LC21       ; lpm_counter:H0S_rtl_0|dffs[0], lpm_counter:H0S_rtl_0|dffs[2], lpm_counter:H0S_rtl_0|dffs[1], H10S[1], lpm_counter:H0S_rtl_0|dffs[3], CKHH~8bal, lpm_counter:M0_rtl_1|dffs[3], lpm_counter:M0_rtl_1|dffs[2]                                                                                                                                                                                                                                                     ; lpm_counter:H0S_rtl_0|dffs[1], lpm_counter:H0S_rtl_0|dffs[2], lpm_counter:H0S_rtl_0|dffs[3], H0o[3], H10S[1], H10S[0]                                                                                                                                                                                                                                                                                                                                   ;
;  B  ; LC19       ; H10S[1], lpm_counter:H0S_rtl_0|dffs[3], lpm_counter:H0S_rtl_0|dffs[2], lpm_counter:H0S_rtl_0|dffs[1], lpm_counter:H0S_rtl_0|dffs[0], CKHH~8bal, lpm_counter:M0_rtl_1|dffs[3], lpm_counter:M0_rtl_1|dffs[2]                                                                                                                                                                                                                                                     ; lpm_counter:H0S_rtl_0|dffs[1], H0o[1], lpm_counter:H0S_rtl_0|dffs[2], lpm_counter:H0S_rtl_0|dffs[3], H10S[1], H10S[0]                                                                                                                                                                                                                                                                                                                                   ;
;  B  ; LC23       ; GCKP43, CKH[4], lpm_counter:F_rtl_2|dffs[15], lpm_counter:M0_rtl_1|dffs[3], lpm_counter:M0_rtl_1|dffs[2]                                                                                                                                                                                                                                                                                                                                                       ; lpm_counter:M0_rtl_1|dffs[1], lpm_counter:M0_rtl_1|dffs[2], lpm_counter:M0_rtl_1|dffs[3]                                                                                                                                                                                                                                                                                                                                                                ;
;  B  ; LC24       ; GCKP43, CKH[4], lpm_counter:F_rtl_2|dffs[15], lpm_counter:M0_rtl_1|dffs[0], lpm_counter:M0_rtl_1|dffs[3], lpm_counter:M0_rtl_1|dffs[2]                                                                                                                                                                                                                                                                                                                         ; lpm_counter:M0_rtl_1|dffs[2], lpm_counter:M0_rtl_1|dffs[3]                                                                                                                                                                                                                                                                                                                                                                                              ;
;  B  ; LC31       ; GCKP43, lpm_counter:M0_rtl_1|dffs[1], CKH[4], lpm_counter:F_rtl_2|dffs[15], lpm_counter:M0_rtl_1|dffs[0], lpm_counter:M0_rtl_1|dffs[3], lpm_counter:M0_rtl_1|dffs[2]                                                                                                                                                                                                                                                                                           ; lpm_counter:M0_rtl_1|dffs[0], lpm_counter:M0_rtl_1|dffs[1], lpm_counter:M0_rtl_1|dffs[2], lpm_counter:M0_rtl_1|dffs[3], CLOCK, lpm_counter:H0S_rtl_0|dffs[0], P8CKM~11, lpm_counter:H0S_rtl_0|dffs[1], lpm_counter:H0S_rtl_0|dffs[2], lpm_counter:H0S_rtl_0|dffs[3], H10S[1], H10S[0]                                                                                                                                                                   ;
;  B  ; LC18       ; GCKP43, lpm_counter:M0_rtl_1|dffs[2], lpm_counter:M0_rtl_1|dffs[1], CKH[4], lpm_counter:F_rtl_2|dffs[15], lpm_counter:M0_rtl_1|dffs[0], lpm_counter:M0_rtl_1|dffs[3]                                                                                                                                                                                                                                                                                           ; lpm_counter:M0_rtl_1|dffs[0], lpm_counter:M0_rtl_1|dffs[1], lpm_counter:M0_rtl_1|dffs[2], lpm_counter:M0_rtl_1|dffs[3], CLOCK, lpm_counter:H0S_rtl_0|dffs[0], P8CKM~11, lpm_counter:H0S_rtl_0|dffs[1], lpm_counter:H0S_rtl_0|dffs[2], lpm_counter:H0S_rtl_0|dffs[3], H10S[1], H10S[0]                                                                                                                                                                   ;
;  B  ; LC17       ; CKHH~8bal, lpm_counter:M0_rtl_1|dffs[3], lpm_counter:M0_rtl_1|dffs[2]                                                                                                                                                                                                                                                                                                                                                                                          ; H0o[0], lpm_counter:H0S_rtl_0|dffs[1], lpm_counter:H0S_rtl_0|dffs[2], lpm_counter:H0S_rtl_0|dffs[3], H10S[1], H10S[0]                                                                                                                                                                                                                                                                                                                                   ;
;  C  ; LC38       ; S1[2], lpm_counter:F_rtl_2|dffs[13], P20S1                                                                                                                                                                                                                                                                                                                                                                                                                     ; S1[1], S1[2]                                                                                                                                                                                                                                                                                                                                                                                                                                            ;
;  C  ; LC37       ; S1[0], S1[2], lpm_counter:F_rtl_2|dffs[13], P20S1                                                                                                                                                                                                                                                                                                                                                                                                              ; S1[2]                                                                                                                                                                                                                                                                                                                                                                                                                                                   ;
;  C  ; LC43       ; S2[1], S2[0], S2[2], lpm_counter:F_rtl_2|dffs[13], process_0~9                                                                                                                                                                                                                                                                                                                                                                                                 ; S2[0], S2[1], S2[2], CKHH~8bal                                                                                                                                                                                                                                                                                                                                                                                                                          ;
;  C  ; LC47       ; S3[1], S3[0], S3[2], lpm_counter:F_rtl_2|dffs[13], process_0~10                                                                                                                                                                                                                                                                                                                                                                                                ; S3[0], S3[1], S3[2], P8CKM~11                                                                                                                                                                                                                                                                                                                                                                                                                           ;
;  C  ; LC39       ; S3[2], lpm_counter:F_rtl_2|dffs[13], process_0~10                                                                                                                                                                                                                                                                                                                                                                                                              ; S3[1], S3[2]                                                                                                                                                                                                                                                                                                                                                                                                                                            ;
;  C  ; LC36       ; S1[2], P7CKM                                                                                                                                                                                                                                                                                                                                                                                                                                                   ; P6S10To0                                                                                                                                                                                                                                                                                                                                                                                                                                                ;
;  C  ; LC35       ; GCKP43, P22CLOCK, lpm_counter:M0_rtl_1|dffs[3], lpm_counter:M0_rtl_1|dffs[2], CLOCK                                                                                                                                                                                                                                                                                                                                                                            ; CLOCK, P4LED~2, P8CKM~11, CKHH~8bal                                                                                                                                                                                                                                                                                                                                                                                                                     ;
;  C  ; LC40       ; S1[2], CLOCK                                                                                                                                                                                                                                                                                                                                                                                                                                                   ; P4LED                                                                                                                                                                                                                                                                                                                                                                                                                                                   ;
;  C  ; LC41       ; S2[0], S2[2], lpm_counter:F_rtl_2|dffs[13], process_0~9                                                                                                                                                                                                                                                                                                                                                                                                        ; S2[2]                                                                                                                                                                                                                                                                                                                                                                                                                                                   ;
;  C  ; LC33       ; GCKP43, lpm_counter:M0_rtl_1|dffs[3], lpm_counter:M0_rtl_1|dffs[2], S3[2], CLOCK, S1[2], P7CKM                                                                                                                                                                                                                                                                                                                                                                 ; P8CKM                                                                                                                                                                                                                                                                                                                                                                                                                                                   ;
;  C  ; LC45       ; S1[1], S1[0], S1[2], lpm_counter:F_rtl_2|dffs[13], P20S1                                                                                                                                                                                                                                                                                                                                                                                                       ; S1[0], S1[1], S1[2], P6S10To0~1, process_0~9, process_0~10, P4LED~2, P8CKM~11, CKHH~8bal                                                                                                                                                                                                                                                                                                                                                                ;
;  C  ; LC42       ; S3[0], S3[2], lpm_counter:F_rtl_2|dffs[13], process_0~10                                                                                                                                                                                                                                                                                                                                                                                                       ; S3[2]                                                                                                                                                                                                                                                                                                                                                                                                                                                   ;
;  C  ; LC48       ; S2[2], lpm_counter:F_rtl_2|dffs[13], process_0~9                                                                                                                                                                                                                                                                                                                                                                                                               ; S2[1], S2[2]                                                                                                                                                                                                                                                                                                                                                                                                                                            ;
;  C  ; LC46       ; H10S[0], lpm_counter:H0S_rtl_0|dffs[3], lpm_counter:H0S_rtl_0|dffs[1], lpm_counter:H0S_rtl_0|dffs[2], lpm_counter:H0S_rtl_0|dffs[0], H10S[1], CKHH~8bal, lpm_counter:M0_rtl_1|dffs[3], lpm_counter:M0_rtl_1|dffs[2]                                                                                                                                                                                                                                            ; lpm_counter:H0S_rtl_0|dffs[1], lpm_counter:H0S_rtl_0|dffs[2], lpm_counter:H0S_rtl_0|dffs[3], H10S[1], H10o[1], H10S[0]                                                                                                                                                                                                                                                                                                                                  ;
;  C  ; LC34       ; CKH[4], S1[2], S2[2], CLOCK                                                                                                                                                                                                                                                                                                                                                                                                                                    ; lpm_counter:H0S_rtl_0|dffs[0], lpm_counter:H0S_rtl_0|dffs[1], lpm_counter:H0S_rtl_0|dffs[2], lpm_counter:H0S_rtl_0|dffs[3], H10S[1], H10S[0]                                                                                                                                                                                                                                                                                                            ;
;  D  ; LC49       ; H10S[1], lpm_counter:H0S_rtl_0|dffs[3], lpm_counter:H0S_rtl_0|dffs[1], lpm_counter:H0S_rtl_0|dffs[2], lpm_counter:H0S_rtl_0|dffs[0], H10S[0], CKHH~8bal, lpm_counter:M0_rtl_1|dffs[3], lpm_counter:M0_rtl_1|dffs[2]                                                                                                                                                                                                                                            ; H10S[1], H10S[0], H10o[0]                                                                                                                                                                                                                                                                                                                                                                                                                               ;
+-----+------------+----------------------------------------------------------------------------------------------------------------------------------------------------------------------------------------------------------------------------------------------------------------------------------------------------------------------------------------------------------------------------------------------------------------------------------------------------------------+---------------------------------------------------------------------------------------------------------------------------------------------------------------------------------------------------------------------------------------------------------------------------------------------------------------------------------------------------------------------------------------------------------------------------------------------------------+


+---------------------------------------------------------------+
; Fitter Device Options                                         ;
+----------------------------------------------+----------------+
; Option                                       ; Setting        ;
+----------------------------------------------+----------------+
; Enable user-supplied start-up clock (CLKUSR) ; Off            ;
; Enable device-wide reset (DEV_CLRn)          ; Off            ;
; Enable device-wide output enable (DEV_OE)    ; Off            ;
; Enable INIT_DONE output                      ; Off            ;
; Configuration scheme                         ; Passive Serial ;
; Security bit                                 ; Off            ;
; Base pin-out file on sameframe device        ; Off            ;
+----------------------------------------------+----------------+


+-----------------+
; Fitter Messages ;
+-----------------+
Info: *******************************************************************
Info: Running Quartus II Fitter
    Info: Version 9.1 Build 350 03/24/2010 Service Pack 2 SJ Web Edition
    Info: Processing started: Mon Apr 30 10:15:43 2018
Info: Command: quartus_fit --read_settings_files=off --write_settings_files=off Nox3 -c Nox3
Info: Selected device EPM3064ALC44-10 for design "Nox3"
Info: Quartus II Fitter was successful. 0 errors, 0 warnings
    Info: Peak virtual memory: 257 megabytes
    Info: Processing ended: Mon Apr 30 10:15:43 2018
    Info: Elapsed time: 00:00:00
    Info: Total CPU time (on all processors): 00:00:00


