Analysis & Synthesis report for nox2
Fri Oct 26 11:31:08 2018
Quartus II Version 9.1 Build 350 03/24/2010 Service Pack 2 SJ Web Edition


---------------------
; Table of Contents ;
---------------------
  1. Legal Notice
  2. Analysis & Synthesis Summary
  3. Analysis & Synthesis Settings
  4. Parallel Compilation
  5. Analysis & Synthesis Source Files Read
  6. Analysis & Synthesis Resource Usage Summary
  7. Analysis & Synthesis Resource Utilization by Entity
  8. User-Specified and Inferred Latches
  9. Source assignments for lpm_counter:freq_rtl_0
 10. Parameter Settings for Inferred Entity Instance: lpm_counter:freq_rtl_0
 11. Analysis & Synthesis Messages



----------------
; Legal Notice ;
----------------
Copyright (C) 1991-2010 Altera Corporation
Your use of Altera Corporation's design tools, logic functions 
and other software and tools, and its AMPP partner logic 
functions, and any output files from any of the foregoing 
(including device programming or simulation files), and any 
associated documentation or information are expressly subject 
to the terms and conditions of the Altera Program License 
Subscription Agreement, Altera MegaCore Function License 
Agreement, or other applicable license agreement, including, 
without limitation, that your use is for the sole purpose of 
programming logic devices manufactured by Altera and sold by 
Altera or its authorized distributors.  Please refer to the 
applicable agreement for further details.



+----------------------------------------------------------------------------+
; Analysis & Synthesis Summary                                               ;
+-----------------------------+----------------------------------------------+
; Analysis & Synthesis Status ; Successful - Fri Oct 26 11:31:08 2018        ;
; Quartus II Version          ; 9.1 Build 350 03/24/2010 SP 2 SJ Web Edition ;
; Revision Name               ; nox2                                         ;
; Top-level Entity Name       ; nox2                                         ;
; Family                      ; MAX3000A                                     ;
; Total macrocells            ; 16                                           ;
; Total pins                  ; 18                                           ;
+-----------------------------+----------------------------------------------+


+--------------------------------------------------------------------------------------------------------------+
; Analysis & Synthesis Settings                                                                                ;
+----------------------------------------------------------------------------+-----------------+---------------+
; Option                                                                     ; Setting         ; Default Value ;
+----------------------------------------------------------------------------+-----------------+---------------+
; Device                                                                     ; EPM3064ALC44-10 ;               ;
; Top-level entity name                                                      ; nox2            ; nox2          ;
; Family name                                                                ; MAX3000A        ; Stratix II    ;
; Use Generated Physical Constraints File                                    ; Off             ;               ;
; Use smart compilation                                                      ; Off             ; Off           ;
; Enable parallel Assembler and TimeQuest Timing Analyzer during compilation ; On              ; On            ;
; Enable compact report table                                                ; Off             ; Off           ;
; Create Debugging Nodes for IP Cores                                        ; Off             ; Off           ;
; Preserve fewer node names                                                  ; On              ; On            ;
; Disable OpenCore Plus hardware evaluation                                  ; Off             ; Off           ;
; Verilog Version                                                            ; Verilog_2001    ; Verilog_2001  ;
; VHDL Version                                                               ; VHDL_1993       ; VHDL_1993     ;
; State Machine Processing                                                   ; Auto            ; Auto          ;
; Safe State Machine                                                         ; Off             ; Off           ;
; Extract Verilog State Machines                                             ; On              ; On            ;
; Extract VHDL State Machines                                                ; On              ; On            ;
; Ignore Verilog initial constructs                                          ; Off             ; Off           ;
; Iteration limit for constant Verilog loops                                 ; 5000            ; 5000          ;
; Iteration limit for non-constant Verilog loops                             ; 250             ; 250           ;
; Add Pass-Through Logic to Inferred RAMs                                    ; On              ; On            ;
; Parallel Synthesis                                                         ; On              ; On            ;
; NOT Gate Push-Back                                                         ; On              ; On            ;
; Power-Up Don't Care                                                        ; On              ; On            ;
; Remove Duplicate Registers                                                 ; On              ; On            ;
; Ignore CARRY Buffers                                                       ; Off             ; Off           ;
; Ignore CASCADE Buffers                                                     ; Off             ; Off           ;
; Ignore GLOBAL Buffers                                                      ; Off             ; Off           ;
; Ignore ROW GLOBAL Buffers                                                  ; Off             ; Off           ;
; Ignore LCELL Buffers                                                       ; Auto            ; Auto          ;
; Ignore SOFT Buffers                                                        ; Off             ; Off           ;
; Limit AHDL Integers to 32 Bits                                             ; Off             ; Off           ;
; Optimization Technique                                                     ; Speed           ; Speed         ;
; Allow XOR Gate Usage                                                       ; On              ; On            ;
; Auto Logic Cell Insertion                                                  ; On              ; On            ;
; Parallel Expander Chain Length                                             ; 4               ; 4             ;
; Auto Parallel Expanders                                                    ; On              ; On            ;
; Auto Open-Drain Pins                                                       ; On              ; On            ;
; Auto Resource Sharing                                                      ; Off             ; Off           ;
; Maximum Fan-in Per Macrocell                                               ; 100             ; 100           ;
; Use LogicLock Constraints during Resource Balancing                        ; On              ; On            ;
; Ignore translate_off and synthesis_off directives                          ; Off             ; Off           ;
; Show Parameter Settings Tables in Synthesis Report                         ; On              ; On            ;
; HDL message level                                                          ; Level2          ; Level2        ;
; Suppress Register Optimization Related Messages                            ; Off             ; Off           ;
; Number of Removed Registers Reported in Synthesis Report                   ; 5000            ; 5000          ;
; Number of Inverted Registers Reported in Synthesis Report                  ; 100             ; 100           ;
; Block Design Naming                                                        ; Auto            ; Auto          ;
; Synthesis Effort                                                           ; Auto            ; Auto          ;
; Shift Register Replacement - Allow Asynchronous Clear Signal               ; On              ; On            ;
; Analysis & Synthesis Message Level                                         ; Medium          ; Medium        ;
; Disable Register Merging Across Hierarchies                                ; Auto            ; Auto          ;
+----------------------------------------------------------------------------+-----------------+---------------+


Parallel compilation was disabled, but you have multiple processors available. Enable parallel compilation to reduce compilation time.
+-------------------------------------+
; Parallel Compilation                ;
+----------------------------+--------+
; Processors                 ; Number ;
+----------------------------+--------+
; Number detected on machine ; 4      ;
; Maximum allowed            ; 1      ;
+----------------------------+--------+


+----------------------------------------------------------------------------------------------------------------------------------------+
; Analysis & Synthesis Source Files Read                                                                                                 ;
+----------------------------------+-----------------+-----------------+-----------------------------------------------------------------+
; File Name with User-Entered Path ; Used in Netlist ; File Type       ; File Name with Absolute Path                                    ;
+----------------------------------+-----------------+-----------------+-----------------------------------------------------------------+
; nox2.vhd                         ; yes             ; User VHDL File  ; D:/2018Digital_electronic_grade_B/107/20181025_Nox2/nox2.vhd    ;
; lpm_counter.tdf                  ; yes             ; Megafunction    ; c:/altera/91sp2/quartus/libraries/megafunctions/lpm_counter.tdf ;
+----------------------------------+-----------------+-----------------+-----------------------------------------------------------------+


+---------------------------------------------+
; Analysis & Synthesis Resource Usage Summary ;
+----------------------+----------------------+
; Resource             ; Usage                ;
+----------------------+----------------------+
; Logic cells          ; 16                   ;
; Total registers      ; 1                    ;
; I/O pins             ; 18                   ;
; Maximum fan-out node ; keyScanSignal[0]~10  ;
; Maximum fan-out      ; 6                    ;
; Total fan-out        ; 28                   ;
; Average fan-out      ; 0.82                 ;
+----------------------+----------------------+


+-----------------------------------------------------------------------------------------------+
; Analysis & Synthesis Resource Utilization by Entity                                           ;
+-----------------------------+------------+------+------------------------------+--------------+
; Compilation Hierarchy Node  ; Macrocells ; Pins ; Full Hierarchy Name          ; Library Name ;
+-----------------------------+------------+------+------------------------------+--------------+
; |nox2                       ; 16         ; 18   ; |nox2                        ; work         ;
;    |lpm_counter:freq_rtl_0| ; 1          ; 0    ; |nox2|lpm_counter:freq_rtl_0 ; work         ;
+-----------------------------+------------+------+------------------------------+--------------+


+--------------------------------------------------------------------------------------------------------------+
; User-Specified and Inferred Latches                                                                          ;
+----------------------------------------------------+--------------------------------+------------------------+
; Latch Name                                         ; Latch Enable Signal            ; Free of Timing Hazards ;
+----------------------------------------------------+--------------------------------+------------------------+
; keyScanSignal[0]                                   ; lpm_counter:freq_rtl_0|dffs[0] ; yes                    ;
; keyScanSignal[1]                                   ; lpm_counter:freq_rtl_0|dffs[0] ; yes                    ;
; Number of user-specified and inferred latches = 2  ;                                ;                        ;
+----------------------------------------------------+--------------------------------+------------------------+
Note: All latches listed above may not be present at the end of synthesis due to various synthesis optimizations.


+-----------------------------------------------+
; Source assignments for lpm_counter:freq_rtl_0 ;
+---------------------------+-------+------+----+
; Assignment                ; Value ; From ; To ;
+---------------------------+-------+------+----+
; SUPPRESS_DA_RULE_INTERNAL ; a101  ; -    ; -  ;
; SUPPRESS_DA_RULE_INTERNAL ; s102  ; -    ; -  ;
; SUPPRESS_DA_RULE_INTERNAL ; s103  ; -    ; -  ;
+---------------------------+-------+------+----+


+-------------------------------------------------------------------------+
; Parameter Settings for Inferred Entity Instance: lpm_counter:freq_rtl_0 ;
+------------------------+-------------------+----------------------------+
; Parameter Name         ; Value             ; Type                       ;
+------------------------+-------------------+----------------------------+
; AUTO_CARRY_CHAINS      ; ON                ; AUTO_CARRY                 ;
; IGNORE_CARRY_BUFFERS   ; OFF               ; IGNORE_CARRY               ;
; AUTO_CASCADE_CHAINS    ; ON                ; AUTO_CASCADE               ;
; IGNORE_CASCADE_BUFFERS ; OFF               ; IGNORE_CASCADE             ;
; LPM_WIDTH              ; 16                ; Untyped                    ;
; LPM_DIRECTION          ; UP                ; Untyped                    ;
; LPM_MODULUS            ; 0                 ; Untyped                    ;
; LPM_AVALUE             ; UNUSED            ; Untyped                    ;
; LPM_SVALUE             ; UNUSED            ; Untyped                    ;
; LPM_PORT_UPDOWN        ; PORT_CONNECTIVITY ; Untyped                    ;
; DEVICE_FAMILY          ; MAX3000A          ; Untyped                    ;
; CARRY_CHAIN            ; MANUAL            ; Untyped                    ;
; CARRY_CHAIN_LENGTH     ; 48                ; CARRY_CHAIN_LENGTH         ;
; NOT_GATE_PUSH_BACK     ; ON                ; NOT_GATE_PUSH_BACK         ;
; CARRY_CNT_EN           ; SMART             ; Untyped                    ;
; LABWIDE_SCLR           ; ON                ; Untyped                    ;
; USE_NEW_VERSION        ; TRUE              ; Untyped                    ;
; CBXI_PARAMETER         ; NOTHING           ; Untyped                    ;
+------------------------+-------------------+----------------------------+
Note: In order to hide this table in the UI and the text report file, please set the "Show Parameter Settings Tables in Synthesis Report" option in "Analysis and Synthesis Settings -> More Settings" to "Off".


+-------------------------------+
; Analysis & Synthesis Messages ;
+-------------------------------+
Info: *******************************************************************
Info: Running Quartus II Analysis & Synthesis
    Info: Version 9.1 Build 350 03/24/2010 Service Pack 2 SJ Web Edition
    Info: Processing started: Fri Oct 26 11:31:07 2018
Info: Command: quartus_map --read_settings_files=on --write_settings_files=off nox2 -c nox2
Info: Found 2 design units, including 1 entities, in source file nox2.vhd
    Info: Found design unit 1: nox2-main
    Info: Found entity 1: nox2
Info: Elaborating entity "nox2" for the top level hierarchy
Warning (10541): VHDL Signal Declaration warning at nox2.vhd(11): used implicit default value for signal "p1stop" because signal was never assigned a value or an explicit default value. Use of implicit default value may introduce unintended design optimizations.
Warning (10541): VHDL Signal Declaration warning at nox2.vhd(11): used implicit default value for signal "pe10" because signal was never assigned a value or an explicit default value. Use of implicit default value may introduce unintended design optimizations.
Warning (10541): VHDL Signal Declaration warning at nox2.vhd(11): used implicit default value for signal "pe0" because signal was never assigned a value or an explicit default value. Use of implicit default value may introduce unintended design optimizations.
Warning (10541): VHDL Signal Declaration warning at nox2.vhd(11): used implicit default value for signal "p12led" because signal was never assigned a value or an explicit default value. Use of implicit default value may introduce unintended design optimizations.
Warning (10036): Verilog HDL or VHDL warning at nox2.vhd(17): object "kclk" assigned a value but never read
Warning (10540): VHDL Signal Declaration warning at nox2.vhd(18): used explicit default value for signal "keyCode" because signal was never assigned a value
Warning (10492): VHDL Process Statement warning at nox2.vhd(28): signal "freq" is read inside the Process Statement but isn't in the Process Statement's sensitivity list
Warning (10492): VHDL Process Statement warning at nox2.vhd(29): signal "keyScanSignal" is read inside the Process Statement but isn't in the Process Statement's sensitivity list
Warning (10492): VHDL Process Statement warning at nox2.vhd(32): signal "keyScanSignal" is read inside the Process Statement but isn't in the Process Statement's sensitivity list
Warning (10631): VHDL Process Statement warning at nox2.vhd(23): inferring latch(es) for signal or variable "keyScanSignal", which holds its previous value in one or more paths through the process
Info (10041): Inferred latch for "keyScanSignal[0]" at nox2.vhd(23)
Info (10041): Inferred latch for "keyScanSignal[1]" at nox2.vhd(23)
Info: Inferred 1 megafunctions from design logic
    Info: Inferred lpm_counter megafunction (LPM_WIDTH=16) from the following logic: "freq[0]~0"
Info: Elaborated megafunction instantiation "lpm_counter:freq_rtl_0"
Info: Instantiated megafunction "lpm_counter:freq_rtl_0" with the following parameter:
    Info: Parameter "LPM_WIDTH" = "16"
    Info: Parameter "LPM_DIRECTION" = "UP"
    Info: Parameter "LPM_TYPE" = "LPM_COUNTER"
Warning: Output pins are stuck at VCC or GND
    Warning (13410): Pin "DCBA[0]" is stuck at GND
    Warning (13410): Pin "DCBA[1]" is stuck at GND
    Warning (13410): Pin "DCBA[2]" is stuck at GND
    Warning (13410): Pin "DCBA[3]" is stuck at GND
    Warning (13410): Pin "p1stop" is stuck at GND
    Warning (13410): Pin "pe10" is stuck at GND
    Warning (13410): Pin "pe0" is stuck at GND
    Warning (13410): Pin "p12led" is stuck at GND
Info: Promoted pin-driven signal(s) to global signal
    Info: Promoted clock signal driven by pin "GCKP43" to global clock signal
Warning: Design contains 5 input pin(s) that do not drive logic
    Warning (15610): No output dependent on input pin "p13co"
    Warning (15610): No output dependent on input pin "p14co"
    Warning (15610): No output dependent on input pin "keyIn[0]"
    Warning (15610): No output dependent on input pin "keyIn[1]"
    Warning (15610): No output dependent on input pin "keyIn[2]"
Info: Implemented 34 device resources after synthesis - the final resource count might be different
    Info: Implemented 6 input pins
    Info: Implemented 12 output pins
    Info: Implemented 16 macrocells
Info: Quartus II Analysis & Synthesis was successful. 0 errors, 25 warnings
    Info: Peak virtual memory: 261 megabytes
    Info: Processing ended: Fri Oct 26 11:31:08 2018
    Info: Elapsed time: 00:00:01
    Info: Total CPU time (on all processors): 00:00:01


